<?xml version="1.0" encoding="utf-8"?>
<TestRun id="a4ea7476-ce87-4e63-94b9-f8828c1ded69" name="admin@DESKTOP-2VE3A54 2026-07-28 14:43:01" runUser="DESKTOP-2VE3A54\admin" xmlns="http://microsoft.com/schemas/VisualStudio/TeamTest/2010">
  <Times creation="2026-07-28T14:43:01.7154033+08:00" queuing="2026-07-28T14:43:01.7154046+08:00" start="2026-07-28T14:41:42.2523323+08:00" finish="2026-07-28T14:43:01.8770726+08:00" />
  <TestSettings name="default" id="3f9c7458-24c1-4fd5-8532-1f76ec2fa2cf">
    <Deployment runDeploymentRoot="admin_DESKTOP-2VE3A54_2026-07-28_14_43_01" />
  </TestSettings>
  <Results>
    <UnitTestResult executionId="ff4d7247-e6c5-422e-85a9-5a15d19f2b99" testId="707d9733-ec68-7a84-c782-d00622e98710" testName="InprovePlan.IntegrationTests.Products.ProductCommandHandlerTests.UpdateProduct_WhenProductExists_ShouldUpdateProduct" computerName="DESKTOP-2VE3A54" duration="00:00:00.0010000" startTime="2026-07-28T14:43:00.3205645+08:00" endTime="2026-07-28T14:43:00.3205645+08:00" testType="13cdc9d9-ddb5-4fa4-a97d-d965ccfc6d4b" outcome="Failed" testListId="8c84fa94-04c1-424b-9868-57a2d4851a1d" relativeResultsDirectory="ff4d7247-e6c5-422e-85a9-5a15d19f2b99">
      <Output>
        <ErrorInfo>
          <Message>Collection fixture type 'InprovePlan.IntegrationTests.Infrastructure.MySqlTestFixture' threw in InitializeAsync&#xD;
---- DotNet.Testcontainers.Containers.ContainerNotRunningException : Container 5a463fdcb2eaf406a9ca2f6917cc720da918983400aad5f5ec657fe889d1ca3b exited with code 255.&#xD;
-------- Docker.DotNet.DockerApiException : Docker API responded with status code='InternalServerError', response=''.</Message>
          <StackTrace>&#xD;
----- Inner Stack Trace -----&#xD;
   at DotNet.Testcontainers.Containers.DockerContainer.ThrowIfContainerNotRunningAsync(WaitStrategyMode waitStrategyMode, Exception innerException) in /_/src/Testcontainers/Containers/DockerContainer.cs:line 811&#xD;
   at DotNet.Testcontainers.Containers.DockerContainer.CheckReadinessAsync(WaitStrategy waitStrategy, CancellationToken ct) in /_/src/Testcontainers/Containers/DockerContainer.cs:line 764&#xD;
   at DotNet.Testcontainers.Configurations.WaitStrategy.&lt;&gt;c__DisplayClass29_0.&lt;&lt;WaitUntilAsync&gt;g__UntilAsync|0&gt;d.MoveNext() in /_/src/Testcontainers/Configurations/WaitStrategies/WaitStrategy.cs:line 197&#xD;
--- End of stack trace from previous location ---&#xD;
   at DotNet.Testcontainers.Configurations.WaitStrategy.WaitUntilAsync(Func`1 wait, TimeSpan interval, TimeSpan timeout, Int32 retries, CancellationToken ct) in /_/src/Testcontainers/Configurations/WaitStrategies/WaitStrategy.cs:line 226&#xD;
   at DotNet.Testcontainers.Containers.DockerContainer.CheckReadinessAsync(IEnumerable`1 waitStrategies, CancellationToken ct) in /_/src/Testcontainers/Containers/DockerContainer.cs:line 785&#xD;
   at DotNet.Testcontainers.Containers.DockerContainer.UnsafeStartAsync(CancellationToken ct) in /_/src/Testcontainers/Containers/DockerContainer.cs:line 602&#xD;
   at DotNet.Testcontainers.Containers.DockerContainer.StartAsync(CancellationToken ct) in /_/src/Testcontainers/Containers/DockerContainer.cs:line 343&#xD;
   at InprovePlan.IntegrationTests.Infrastructure.MySqlTestFixture.InitializeAsync() in D:\Code\InprovePlan\DevelopmentPlan\InprovePlan\InprovePlan.IntegrationTests\Infrastructure\MySqlTestFixture.cs:line 73&#xD;
----- Inner Stack Trace -----&#xD;
   at Docker.DotNet.DockerClient.HandleIfErrorResponseAsync(HttpStatusCode statusCode, HttpResponseMessage response, IEnumerable`1 handlers) in /_/src/Docker.DotNet/DockerClient.cs:line 454&#xD;
   at Docker.DotNet.DockerClient.MakeRequestAsync[T](IEnumerable`1 errorHandlers, HttpMethod method, String path, IQueryString queryString, IRequestContent body, IDictionary`2 headers, TimeSpan timeout, CancellationToken cancellationToken) in /_/src/Docker.DotNet/DockerClient.cs:line 176&#xD;
   at Docker.DotNet.ExecOperations.InspectContainerExecAsync(String id, CancellationToken cancellationToken) in /_/src/Docker.DotNet/Endpoints/ExecOperations.cs:line 27&#xD;
   at DotNet.Testcontainers.Clients.DockerContainerOperations.ExecAsync(String id, IList`1 command, CancellationToken ct) in /_/src/Testcontainers/Clients/DockerContainerOperations.cs:line 177&#xD;
   at Testcontainers.MySql.MySqlBuilder.WaitUntil.UntilAsync(IContainer container) in /_/src/Testcontainers.MySql/MySqlBuilder.cs:line 178&#xD;
   at DotNet.Testcontainers.Containers.DockerContainer.CheckReadinessAsync(WaitStrategy waitStrategy, CancellationToken ct) in /_/src/Testcontainers/Containers/DockerContainer.cs:line 755</StackTrace>
        </ErrorInfo>
      </Output>
    </UnitTestResult>
    <UnitTestResult executionId="3a840b20-7954-4bae-af0a-adfaa0c361f9" testId="2da2dbbd-ffc1-cfa2-454f-cd6c1f3ff3b6" testName="InprovePlan.IntegrationTests.Products.ProductQueryHandlerTests.GetProductsPaged_WhenProductsMatchFilter_ShouldReturnPagedProducts" computerName="DESKTOP-2VE3A54" duration="00:00:00.0010000" startTime="2026-07-28T14:43:00.4451805+08:00" endTime="2026-07-28T14:43:00.4451805+08:00" testType="13cdc9d9-ddb5-4fa4-a97d-d965ccfc6d4b" outcome="Failed" testListId="8c84fa94-04c1-424b-9868-57a2d4851a1d" relativeResultsDirectory="3a840b20-7954-4bae-af0a-adfaa0c361f9">
      <Output>
        <ErrorInfo>
          <Message>Collection fixture type 'InprovePlan.IntegrationTests.Infrastructure.MySqlTestFixture' threw in InitializeAsync&#xD;
---- DotNet.Testcontainers.Containers.ContainerNotRunningException : Container 5a463fdcb2eaf406a9ca2f6917cc720da918983400aad5f5ec657fe889d1ca3b exited with code 255.&#xD;
-------- Docker.DotNet.DockerApiException : Docker API responded with status code='InternalServerError', response=''.</Message>
          <StackTrace>&#xD;
----- Inner Stack Trace -----&#xD;
   at DotNet.Testcontainers.Containers.DockerContainer.ThrowIfContainerNotRunningAsync(WaitStrategyMode waitStrategyMode, Exception innerException) in /_/src/Testcontainers/Containers/DockerContainer.cs:line 811&#xD;
   at DotNet.Testcontainers.Containers.DockerContainer.CheckReadinessAsync(WaitStrategy waitStrategy, CancellationToken ct) in /_/src/Testcontainers/Containers/DockerContainer.cs:line 764&#xD;
   at DotNet.Testcontainers.Configurations.WaitStrategy.&lt;&gt;c__DisplayClass29_0.&lt;&lt;WaitUntilAsync&gt;g__UntilAsync|0&gt;d.MoveNext() in /_/src/Testcontainers/Configurations/WaitStrategies/WaitStrategy.cs:line 197&#xD;
--- End of stack trace from previous location ---&#xD;
   at DotNet.Testcontainers.Configurations.WaitStrategy.WaitUntilAsync(Func`1 wait, TimeSpan interval, TimeSpan timeout, Int32 retries, CancellationToken ct) in /_/src/Testcontainers/Configurations/WaitStrategies/WaitStrategy.cs:line 226&#xD;
   at DotNet.Testcontainers.Containers.DockerContainer.CheckReadinessAsync(IEnumerable`1 waitStrategies, CancellationToken ct) in /_/src/Testcontainers/Containers/DockerContainer.cs:line 785&#xD;
   at DotNet.Testcontainers.Containers.DockerContainer.UnsafeStartAsync(CancellationToken ct) in /_/src/Testcontainers/Containers/DockerContainer.cs:line 602&#xD;
   at DotNet.Testcontainers.Containers.DockerContainer.StartAsync(CancellationToken ct) in /_/src/Testcontainers/Containers/DockerContainer.cs:line 343&#xD;
   at InprovePlan.IntegrationTests.Infrastructure.MySqlTestFixture.InitializeAsync() in D:\Code\InprovePlan\DevelopmentPlan\InprovePlan\InprovePlan.IntegrationTests\Infrastructure\MySqlTestFixture.cs:line 73&#xD;
----- Inner Stack Trace -----&#xD;
   at Docker.DotNet.DockerClient.HandleIfErrorResponseAsync(HttpStatusCode statusCode, HttpResponseMessage response, IEnumerable`1 handlers) in /_/src/Docker.DotNet/DockerClient.cs:line 454&#xD;
   at Docker.DotNet.DockerClient.MakeRequestAsync[T](IEnumerable`1 errorHandlers, HttpMethod method, String path, IQueryString queryString, IRequestContent body, IDictionary`2 headers, TimeSpan timeout, CancellationToken cancellationToken) in /_/src/Docker.DotNet/DockerClient.cs:line 176&#xD;
   at Docker.DotNet.ExecOperations.InspectContainerExecAsync(String id, CancellationToken cancellationToken) in /_/src/Docker.DotNet/Endpoints/ExecOperations.cs:line 27&#xD;
   at DotNet.Testcontainers.Clients.DockerContainerOperations.ExecAsync(String id, IList`1 command, CancellationToken ct) in /_/src/Testcontainers/Clients/DockerContainerOperations.cs:line 177&#xD;
   at Testcontainers.MySql.MySqlBuilder.WaitUntil.UntilAsync(IContainer container) in /_/src/Testcontainers.MySql/MySqlBuilder.cs:line 178&#xD;
   at DotNet.Testcontainers.Containers.DockerContainer.CheckReadinessAsync(WaitStrategy waitStrategy, CancellationToken ct) in /_/src/Testcontainers/Containers/DockerContainer.cs:line 755</StackTrace>
        </ErrorInfo>
      </Output>
    </UnitTestResult>
    <UnitTestResult executionId="cd93c7b7-26c4-4d59-ac8e-3a600434b517" testId="374d129e-82f1-ed58-744b-73aaeed98b62" testName="InprovePlan.IntegrationTests.AppUsers.AppUserCommandHandlerTests.UpdateAppUser_WhenUserExists_ShouldUpdateUser" computerName="DESKTOP-2VE3A54" duration="00:00:00.0010000" startTime="2026-07-28T14:43:00.4248451+08:00" endTime="2026-07-28T14:43:00.4248451+08:00" testType="13cdc9d9-ddb5-4fa4-a97d-d965ccfc6d4b" outcome="Failed" testListId="8c84fa94-04c1-424b-9868-57a2d4851a1d" relativeResultsDirectory="cd93c7b7-26c4-4d59-ac8e-3a600434b517">
      <Output>
        <ErrorInfo>
          <Message>Collection fixture type 'InprovePlan.IntegrationTests.Infrastructure.MySqlTestFixture' threw in InitializeAsync&#xD;
---- DotNet.Testcontainers.Containers.ContainerNotRunningException : Container 5a463fdcb2eaf406a9ca2f6917cc720da918983400aad5f5ec657fe889d1ca3b exited with code 255.&#xD;
-------- Docker.DotNet.DockerApiException : Docker API responded with status code='InternalServerError', response=''.</Message>
          <StackTrace>&#xD;
----- Inner Stack Trace -----&#xD;
   at DotNet.Testcontainers.Containers.DockerContainer.ThrowIfContainerNotRunningAsync(WaitStrategyMode waitStrategyMode, Exception innerException) in /_/src/Testcontainers/Containers/DockerContainer.cs:line 811&#xD;
   at DotNet.Testcontainers.Containers.DockerContainer.CheckReadinessAsync(WaitStrategy waitStrategy, CancellationToken ct) in /_/src/Testcontainers/Containers/DockerContainer.cs:line 764&#xD;
   at DotNet.Testcontainers.Configurations.WaitStrategy.&lt;&gt;c__DisplayClass29_0.&lt;&lt;WaitUntilAsync&gt;g__UntilAsync|0&gt;d.MoveNext() in /_/src/Testcontainers/Configurations/WaitStrategies/WaitStrategy.cs:line 197&#xD;
--- End of stack trace from previous location ---&#xD;
   at DotNet.Testcontainers.Configurations.WaitStrategy.WaitUntilAsync(Func`1 wait, TimeSpan interval, TimeSpan timeout, Int32 retries, CancellationToken ct) in /_/src/Testcontainers/Configurations/WaitStrategies/WaitStrategy.cs:line 226&#xD;
   at DotNet.Testcontainers.Containers.DockerContainer.CheckReadinessAsync(IEnumerable`1 waitStrategies, CancellationToken ct) in /_/src/Testcontainers/Containers/DockerContainer.cs:line 785&#xD;
   at DotNet.Testcontainers.Containers.DockerContainer.UnsafeStartAsync(CancellationToken ct) in /_/src/Testcontainers/Containers/DockerContainer.cs:line 602&#xD;
   at DotNet.Testcontainers.Containers.DockerContainer.StartAsync(CancellationToken ct) in /_/src/Testcontainers/Containers/DockerContainer.cs:line 343&#xD;
   at InprovePlan.IntegrationTests.Infrastructure.MySqlTestFixture.InitializeAsync() in D:\Code\InprovePlan\DevelopmentPlan\InprovePlan\InprovePlan.IntegrationTests\Infrastructure\MySqlTestFixture.cs:line 73&#xD;
----- Inner Stack Trace -----&#xD;
   at Docker.DotNet.DockerClient.HandleIfErrorResponseAsync(HttpStatusCode statusCode, HttpResponseMessage response, IEnumerable`1 handlers) in /_/src/Docker.DotNet/DockerClient.cs:line 454&#xD;
   at Docker.DotNet.DockerClient.MakeRequestAsync[T](IEnumerable`1 errorHandlers, HttpMethod method, String path, IQueryString queryString, IRequestContent body, IDictionary`2 headers, TimeSpan timeout, CancellationToken cancellationToken) in /_/src/Docker.DotNet/DockerClient.cs:line 176&#xD;
   at Docker.DotNet.ExecOperations.InspectContainerExecAsync(String id, CancellationToken cancellationToken) in /_/src/Docker.DotNet/Endpoints/ExecOperations.cs:line 27&#xD;
   at DotNet.Testcontainers.Clients.DockerContainerOperations.ExecAsync(String id, IList`1 command, CancellationToken ct) in /_/src/Testcontainers/Clients/DockerContainerOperations.cs:line 177&#xD;
   at Testcontainers.MySql.MySqlBuilder.WaitUntil.UntilAsync(IContainer container) in /_/src/Testcontainers.MySql/MySqlBuilder.cs:line 178&#xD;
   at DotNet.Testcontainers.Containers.DockerContainer.CheckReadinessAsync(WaitStrategy waitStrategy, CancellationToken ct) in /_/src/Testcontainers/Containers/DockerContainer.cs:line 755</StackTrace>
        </ErrorInfo>
      </Output>
    </UnitTestResult>
    <UnitTestResult executionId="347d7845-58ff-4a73-ac22-28adbd7a351e" testId="84b87e36-f8ff-2bfc-c097-ec84c0c8934f" testName="InprovePlan.IntegrationTests.Products.ProductQueryHandlerTests.GetProductById_WhenProductExists_ShouldReturnProduct" computerName="DESKTOP-2VE3A54" duration="00:00:00.0010000" startTime="2026-07-28T14:43:00.4875481+08:00" endTime="2026-07-28T14:43:00.4875481+08:00" testType="13cdc9d9-ddb5-4fa4-a97d-d965ccfc6d4b" outcome="Failed" testListId="8c84fa94-04c1-424b-9868-57a2d4851a1d" relativeResultsDirectory="347d7845-58ff-4a73-ac22-28adbd7a351e">
      <Output>
        <ErrorInfo>
          <Message>Collection fixture type 'InprovePlan.IntegrationTests.Infrastructure.MySqlTestFixture' threw in InitializeAsync&#xD;
---- DotNet.Testcontainers.Containers.ContainerNotRunningException : Container 5a463fdcb2eaf406a9ca2f6917cc720da918983400aad5f5ec657fe889d1ca3b exited with code 255.&#xD;
-------- Docker.DotNet.DockerApiException : Docker API responded with status code='InternalServerError', response=''.</Message>
          <StackTrace>&#xD;
----- Inner Stack Trace -----&#xD;
   at DotNet.Testcontainers.Containers.DockerContainer.ThrowIfContainerNotRunningAsync(WaitStrategyMode waitStrategyMode, Exception innerException) in /_/src/Testcontainers/Containers/DockerContainer.cs:line 811&#xD;
   at DotNet.Testcontainers.Containers.DockerContainer.CheckReadinessAsync(WaitStrategy waitStrategy, CancellationToken ct) in /_/src/Testcontainers/Containers/DockerContainer.cs:line 764&#xD;
   at DotNet.Testcontainers.Configurations.WaitStrategy.&lt;&gt;c__DisplayClass29_0.&lt;&lt;WaitUntilAsync&gt;g__UntilAsync|0&gt;d.MoveNext() in /_/src/Testcontainers/Configurations/WaitStrategies/WaitStrategy.cs:line 197&#xD;
--- End of stack trace from previous location ---&#xD;
   at DotNet.Testcontainers.Configurations.WaitStrategy.WaitUntilAsync(Func`1 wait, TimeSpan interval, TimeSpan timeout, Int32 retries, CancellationToken ct) in /_/src/Testcontainers/Configurations/WaitStrategies/WaitStrategy.cs:line 226&#xD;
   at DotNet.Testcontainers.Containers.DockerContainer.CheckReadinessAsync(IEnumerable`1 waitStrategies, CancellationToken ct) in /_/src/Testcontainers/Containers/DockerContainer.cs:line 785&#xD;
   at DotNet.Testcontainers.Containers.DockerContainer.UnsafeStartAsync(CancellationToken ct) in /_/src/Testcontainers/Containers/DockerContainer.cs:line 602&#xD;
   at DotNet.Testcontainers.Containers.DockerContainer.StartAsync(CancellationToken ct) in /_/src/Testcontainers/Containers/DockerContainer.cs:line 343&#xD;
   at InprovePlan.IntegrationTests.Infrastructure.MySqlTestFixture.InitializeAsync() in D:\Code\InprovePlan\DevelopmentPlan\InprovePlan\InprovePlan.IntegrationTests\Infrastructure\MySqlTestFixture.cs:line 73&#xD;
----- Inner Stack Trace -----&#xD;
   at Docker.DotNet.DockerClient.HandleIfErrorResponseAsync(HttpStatusCode statusCode, HttpResponseMessage response, IEnumerable`1 handlers) in /_/src/Docker.DotNet/DockerClient.cs:line 454&#xD;
   at Docker.DotNet.DockerClient.MakeRequestAsync[T](IEnumerable`1 errorHandlers, HttpMethod method, String path, IQueryString queryString, IRequestContent body, IDictionary`2 headers, TimeSpan timeout, CancellationToken cancellationToken) in /_/src/Docker.DotNet/DockerClient.cs:line 176&#xD;
   at Docker.DotNet.ExecOperations.InspectContainerExecAsync(String id, CancellationToken cancellationToken) in /_/src/Docker.DotNet/Endpoints/ExecOperations.cs:line 27&#xD;
   at DotNet.Testcontainers.Clients.DockerContainerOperations.ExecAsync(String id, IList`1 command, CancellationToken ct) in /_/src/Testcontainers/Clients/DockerContainerOperations.cs:line 177&#xD;
   at Testcontainers.MySql.MySqlBuilder.WaitUntil.UntilAsync(IContainer container) in /_/src/Testcontainers.MySql/MySqlBuilder.cs:line 178&#xD;
   at DotNet.Testcontainers.Containers.DockerContainer.CheckReadinessAsync(WaitStrategy waitStrategy, CancellationToken ct) in /_/src/Testcontainers/Containers/DockerContainer.cs:line 755</StackTrace>
        </ErrorInfo>
      </Output>
    </UnitTestResult>
    <UnitTestResult executionId="a5e15d34-75dc-43e6-a17c-2c0f3c6cda5c" testId="ab090b88-27c0-3eb8-ae08-3c15e08f785e" testName="InprovePlan.IntegrationTests.AppOrders.AppOrderAdditionalCommandHandlerTests.UpdateAppOrder_WhenCurrentUserOwnsAdditionOrder_ShouldUpdateOrderAndRemoveCache" computerName="DESKTOP-2VE3A54" duration="00:00:00.0010000" startTime="2026-07-28T14:43:00.3645062+08:00" endTime="2026-07-28T14:43:00.3645062+08:00" testType="13cdc9d9-ddb5-4fa4-a97d-d965ccfc6d4b" outcome="Failed" testListId="8c84fa94-04c1-424b-9868-57a2d4851a1d" relativeResultsDirectory="a5e15d34-75dc-43e6-a17c-2c0f3c6cda5c">
      <Output>
        <ErrorInfo>
          <Message>Collection fixture type 'InprovePlan.IntegrationTests.Infrastructure.MySqlTestFixture' threw in InitializeAsync&#xD;
---- DotNet.Testcontainers.Containers.ContainerNotRunningException : Container 7efed95868482cb2b3daa0373785fe386ad53743bf5b4d6c61be42f94ba3ea4d exited with code 255.&#xD;
-------- Docker.DotNet.DockerApiException : Docker API responded with status code='InternalServerError', response=''.</Message>
          <StackTrace>&#xD;
----- Inner Stack Trace -----&#xD;
   at DotNet.Testcontainers.Containers.DockerContainer.ThrowIfContainerNotRunningAsync(WaitStrategyMode waitStrategyMode, Exception innerException) in /_/src/Testcontainers/Containers/DockerContainer.cs:line 811&#xD;
   at DotNet.Testcontainers.Containers.DockerContainer.CheckReadinessAsync(WaitStrategy waitStrategy, CancellationToken ct) in /_/src/Testcontainers/Containers/DockerContainer.cs:line 764&#xD;
   at DotNet.Testcontainers.Configurations.WaitStrategy.&lt;&gt;c__DisplayClass29_0.&lt;&lt;WaitUntilAsync&gt;g__UntilAsync|0&gt;d.MoveNext() in /_/src/Testcontainers/Configurations/WaitStrategies/WaitStrategy.cs:line 197&#xD;
--- End of stack trace from previous location ---&#xD;
   at DotNet.Testcontainers.Configurations.WaitStrategy.WaitUntilAsync(Func`1 wait, TimeSpan interval, TimeSpan timeout, Int32 retries, CancellationToken ct) in /_/src/Testcontainers/Configurations/WaitStrategies/WaitStrategy.cs:line 226&#xD;
   at DotNet.Testcontainers.Containers.DockerContainer.CheckReadinessAsync(IEnumerable`1 waitStrategies, CancellationToken ct) in /_/src/Testcontainers/Containers/DockerContainer.cs:line 785&#xD;
   at DotNet.Testcontainers.Containers.DockerContainer.UnsafeStartAsync(CancellationToken ct) in /_/src/Testcontainers/Containers/DockerContainer.cs:line 602&#xD;
   at DotNet.Testcontainers.Containers.DockerContainer.StartAsync(CancellationToken ct) in /_/src/Testcontainers/Containers/DockerContainer.cs:line 343&#xD;
   at InprovePlan.IntegrationTests.Infrastructure.MySqlTestFixture.InitializeAsync() in D:\Code\InprovePlan\DevelopmentPlan\InprovePlan\InprovePlan.IntegrationTests\Infrastructure\MySqlTestFixture.cs:line 73&#xD;
----- Inner Stack Trace -----&#xD;
   at Docker.DotNet.DockerClient.HandleIfErrorResponseAsync(HttpStatusCode statusCode, HttpResponseMessage response, IEnumerable`1 handlers) in /_/src/Docker.DotNet/DockerClient.cs:line 454&#xD;
   at Docker.DotNet.DockerClient.MakeRequestAsync[T](IEnumerable`1 errorHandlers, HttpMethod method, String path, IQueryString queryString, IRequestContent body, IDictionary`2 headers, TimeSpan timeout, CancellationToken cancellationToken) in /_/src/Docker.DotNet/DockerClient.cs:line 176&#xD;
   at Docker.DotNet.ExecOperations.InspectContainerExecAsync(String id, CancellationToken cancellationToken) in /_/src/Docker.DotNet/Endpoints/ExecOperations.cs:line 27&#xD;
   at DotNet.Testcontainers.Clients.DockerContainerOperations.ExecAsync(String id, IList`1 command, CancellationToken ct) in /_/src/Testcontainers/Clients/DockerContainerOperations.cs:line 177&#xD;
   at Testcontainers.MySql.MySqlBuilder.WaitUntil.UntilAsync(IContainer container) in /_/src/Testcontainers.MySql/MySqlBuilder.cs:line 178&#xD;
   at DotNet.Testcontainers.Containers.DockerContainer.CheckReadinessAsync(WaitStrategy waitStrategy, CancellationToken ct) in /_/src/Testcontainers/Containers/DockerContainer.cs:line 755</StackTrace>
        </ErrorInfo>
      </Output>
    </UnitTestResult>
    <UnitTestResult executionId="35db9a03-a6d6-4082-84f1-887571eb3d52" testId="37e736c2-5010-45e4-a318-55b9bcc9a6ea" testName="InprovePlan.IntegrationTests.AppOrders.AppOrderCommandHandlerTests.Handle_WhenProductExistsAndCurrentUserExists_ShouldCreateOrder" computerName="DESKTOP-2VE3A54" duration="00:00:00.0010000" startTime="2026-07-28T14:43:00.4387238+08:00" endTime="2026-07-28T14:43:00.4387238+08:00" testType="13cdc9d9-ddb5-4fa4-a97d-d965ccfc6d4b" outcome="Failed" testListId="8c84fa94-04c1-424b-9868-57a2d4851a1d" relativeResultsDirectory="35db9a03-a6d6-4082-84f1-887571eb3d52">
      <Output>
        <ErrorInfo>
          <Message>Collection fixture type 'InprovePlan.IntegrationTests.Infrastructure.MySqlTestFixture' threw in InitializeAsync&#xD;
---- DotNet.Testcontainers.Containers.ContainerNotRunningException : Container 5a463fdcb2eaf406a9ca2f6917cc720da918983400aad5f5ec657fe889d1ca3b exited with code 255.&#xD;
-------- Docker.DotNet.DockerApiException : Docker API responded with status code='InternalServerError', response=''.</Message>
          <StackTrace>&#xD;
----- Inner Stack Trace -----&#xD;
   at DotNet.Testcontainers.Containers.DockerContainer.ThrowIfContainerNotRunningAsync(WaitStrategyMode waitStrategyMode, Exception innerException) in /_/src/Testcontainers/Containers/DockerContainer.cs:line 811&#xD;
   at DotNet.Testcontainers.Containers.DockerContainer.CheckReadinessAsync(WaitStrategy waitStrategy, CancellationToken ct) in /_/src/Testcontainers/Containers/DockerContainer.cs:line 764&#xD;
   at DotNet.Testcontainers.Configurations.WaitStrategy.&lt;&gt;c__DisplayClass29_0.&lt;&lt;WaitUntilAsync&gt;g__UntilAsync|0&gt;d.MoveNext() in /_/src/Testcontainers/Configurations/WaitStrategies/WaitStrategy.cs:line 197&#xD;
--- End of stack trace from previous location ---&#xD;
   at DotNet.Testcontainers.Configurations.WaitStrategy.WaitUntilAsync(Func`1 wait, TimeSpan interval, TimeSpan timeout, Int32 retries, CancellationToken ct) in /_/src/Testcontainers/Configurations/WaitStrategies/WaitStrategy.cs:line 226&#xD;
   at DotNet.Testcontainers.Containers.DockerContainer.CheckReadinessAsync(IEnumerable`1 waitStrategies, CancellationToken ct) in /_/src/Testcontainers/Containers/DockerContainer.cs:line 785&#xD;
   at DotNet.Testcontainers.Containers.DockerContainer.UnsafeStartAsync(CancellationToken ct) in /_/src/Testcontainers/Containers/DockerContainer.cs:line 602&#xD;
   at DotNet.Testcontainers.Containers.DockerContainer.StartAsync(CancellationToken ct) in /_/src/Testcontainers/Containers/DockerContainer.cs:line 343&#xD;
   at InprovePlan.IntegrationTests.Infrastructure.MySqlTestFixture.InitializeAsync() in D:\Code\InprovePlan\DevelopmentPlan\InprovePlan\InprovePlan.IntegrationTests\Infrastructure\MySqlTestFixture.cs:line 73&#xD;
----- Inner Stack Trace -----&#xD;
   at Docker.DotNet.DockerClient.HandleIfErrorResponseAsync(HttpStatusCode statusCode, HttpResponseMessage response, IEnumerable`1 handlers) in /_/src/Docker.DotNet/DockerClient.cs:line 454&#xD;
   at Docker.DotNet.DockerClient.MakeRequestAsync[T](IEnumerable`1 errorHandlers, HttpMethod method, String path, IQueryString queryString, IRequestContent body, IDictionary`2 headers, TimeSpan timeout, CancellationToken cancellationToken) in /_/src/Docker.DotNet/DockerClient.cs:line 176&#xD;
   at Docker.DotNet.ExecOperations.InspectContainerExecAsync(String id, CancellationToken cancellationToken) in /_/src/Docker.DotNet/Endpoints/ExecOperations.cs:line 27&#xD;
   at DotNet.Testcontainers.Clients.DockerContainerOperations.ExecAsync(String id, IList`1 command, CancellationToken ct) in /_/src/Testcontainers/Clients/DockerContainerOperations.cs:line 177&#xD;
   at Testcontainers.MySql.MySqlBuilder.WaitUntil.UntilAsync(IContainer container) in /_/src/Testcontainers.MySql/MySqlBuilder.cs:line 178&#xD;
   at DotNet.Testcontainers.Containers.DockerContainer.CheckReadinessAsync(WaitStrategy waitStrategy, CancellationToken ct) in /_/src/Testcontainers/Containers/DockerContainer.cs:line 755</StackTrace>
        </ErrorInfo>
      </Output>
    </UnitTestResult>
    <UnitTestResult executionId="d851ed82-4ccb-4915-9c12-c2c2a1446c25" testId="001d3c0b-40c3-de36-3eee-d6264e6687e7" testName="InprovePlan.IntegrationTests.Products.ProductCommandHandlerTests.CreateProduct_WhenProductCodeDoesNotExist_ShouldCreateProduct" computerName="DESKTOP-2VE3A54" duration="00:00:00.0010000" startTime="2026-07-28T14:43:00.3272900+08:00" endTime="2026-07-28T14:43:00.3272900+08:00" testType="13cdc9d9-ddb5-4fa4-a97d-d965ccfc6d4b" outcome="Failed" testListId="8c84fa94-04c1-424b-9868-57a2d4851a1d" relativeResultsDirectory="d851ed82-4ccb-4915-9c12-c2c2a1446c25">
      <Output>
        <ErrorInfo>
          <Message>Collection fixture type 'InprovePlan.IntegrationTests.Infrastructure.MySqlTestFixture' threw in InitializeAsync&#xD;
---- DotNet.Testcontainers.Containers.ContainerNotRunningException : Container 5a463fdcb2eaf406a9ca2f6917cc720da918983400aad5f5ec657fe889d1ca3b exited with code 255.&#xD;
-------- Docker.DotNet.DockerApiException : Docker API responded with status code='InternalServerError', response=''.</Message>
          <StackTrace>&#xD;
----- Inner Stack Trace -----&#xD;
   at DotNet.Testcontainers.Containers.DockerContainer.ThrowIfContainerNotRunningAsync(WaitStrategyMode waitStrategyMode, Exception innerException) in /_/src/Testcontainers/Containers/DockerContainer.cs:line 811&#xD;
   at DotNet.Testcontainers.Containers.DockerContainer.CheckReadinessAsync(WaitStrategy waitStrategy, CancellationToken ct) in /_/src/Testcontainers/Containers/DockerContainer.cs:line 764&#xD;
   at DotNet.Testcontainers.Configurations.WaitStrategy.&lt;&gt;c__DisplayClass29_0.&lt;&lt;WaitUntilAsync&gt;g__UntilAsync|0&gt;d.MoveNext() in /_/src/Testcontainers/Configurations/WaitStrategies/WaitStrategy.cs:line 197&#xD;
--- End of stack trace from previous location ---&#xD;
   at DotNet.Testcontainers.Configurations.WaitStrategy.WaitUntilAsync(Func`1 wait, TimeSpan interval, TimeSpan timeout, Int32 retries, CancellationToken ct) in /_/src/Testcontainers/Configurations/WaitStrategies/WaitStrategy.cs:line 226&#xD;
   at DotNet.Testcontainers.Containers.DockerContainer.CheckReadinessAsync(IEnumerable`1 waitStrategies, CancellationToken ct) in /_/src/Testcontainers/Containers/DockerContainer.cs:line 785&#xD;
   at DotNet.Testcontainers.Containers.DockerContainer.UnsafeStartAsync(CancellationToken ct) in /_/src/Testcontainers/Containers/DockerContainer.cs:line 602&#xD;
   at DotNet.Testcontainers.Containers.DockerContainer.StartAsync(CancellationToken ct) in /_/src/Testcontainers/Containers/DockerContainer.cs:line 343&#xD;
   at InprovePlan.IntegrationTests.Infrastructure.MySqlTestFixture.InitializeAsync() in D:\Code\InprovePlan\DevelopmentPlan\InprovePlan\InprovePlan.IntegrationTests\Infrastructure\MySqlTestFixture.cs:line 73&#xD;
----- Inner Stack Trace -----&#xD;
   at Docker.DotNet.DockerClient.HandleIfErrorResponseAsync(HttpStatusCode statusCode, HttpResponseMessage response, IEnumerable`1 handlers) in /_/src/Docker.DotNet/DockerClient.cs:line 454&#xD;
   at Docker.DotNet.DockerClient.MakeRequestAsync[T](IEnumerable`1 errorHandlers, HttpMethod method, String path, IQueryString queryString, IRequestContent body, IDictionary`2 headers, TimeSpan timeout, CancellationToken cancellationToken) in /_/src/Docker.DotNet/DockerClient.cs:line 176&#xD;
   at Docker.DotNet.ExecOperations.InspectContainerExecAsync(String id, CancellationToken cancellationToken) in /_/src/Docker.DotNet/Endpoints/ExecOperations.cs:line 27&#xD;
   at DotNet.Testcontainers.Clients.DockerContainerOperations.ExecAsync(String id, IList`1 command, CancellationToken ct) in /_/src/Testcontainers/Clients/DockerContainerOperations.cs:line 177&#xD;
   at Testcontainers.MySql.MySqlBuilder.WaitUntil.UntilAsync(IContainer container) in /_/src/Testcontainers.MySql/MySqlBuilder.cs:line 178&#xD;
   at DotNet.Testcontainers.Containers.DockerContainer.CheckReadinessAsync(WaitStrategy waitStrategy, CancellationToken ct) in /_/src/Testcontainers/Containers/DockerContainer.cs:line 755</StackTrace>
        </ErrorInfo>
      </Output>
    </UnitTestResult>
    <UnitTestResult executionId="eab08460-452b-46c8-8fd4-b6ce00af6d1b" testId="5242074a-6f8f-aafa-bf80-44299f84671e" testName="InprovePlan.IntegrationTests.AppOrders.AppOrderQueryHandlerTests.Handle_WhenOrderExistsAndCurrentUserOwnsOrder_ShouldReturnOrder" computerName="DESKTOP-2VE3A54" duration="00:00:00.0010000" startTime="2026-07-28T14:43:00.3741846+08:00" endTime="2026-07-28T14:43:00.3741846+08:00" testType="13cdc9d9-ddb5-4fa4-a97d-d965ccfc6d4b" outcome="Failed" testListId="8c84fa94-04c1-424b-9868-57a2d4851a1d" relativeResultsDirectory="eab08460-452b-46c8-8fd4-b6ce00af6d1b">
      <Output>
        <ErrorInfo>
          <Message>Collection fixture type 'InprovePlan.IntegrationTests.Infrastructure.MySqlTestFixture' threw in InitializeAsync&#xD;
---- DotNet.Testcontainers.Containers.ContainerNotRunningException : Container 7efed95868482cb2b3daa0373785fe386ad53743bf5b4d6c61be42f94ba3ea4d exited with code 255.&#xD;
-------- Docker.DotNet.DockerApiException : Docker API responded with status code='InternalServerError', response=''.</Message>
          <StackTrace>&#xD;
----- Inner Stack Trace -----&#xD;
   at DotNet.Testcontainers.Containers.DockerContainer.ThrowIfContainerNotRunningAsync(WaitStrategyMode waitStrategyMode, Exception innerException) in /_/src/Testcontainers/Containers/DockerContainer.cs:line 811&#xD;
   at DotNet.Testcontainers.Containers.DockerContainer.CheckReadinessAsync(WaitStrategy waitStrategy, CancellationToken ct) in /_/src/Testcontainers/Containers/DockerContainer.cs:line 764&#xD;
   at DotNet.Testcontainers.Configurations.WaitStrategy.&lt;&gt;c__DisplayClass29_0.&lt;&lt;WaitUntilAsync&gt;g__UntilAsync|0&gt;d.MoveNext() in /_/src/Testcontainers/Configurations/WaitStrategies/WaitStrategy.cs:line 197&#xD;
--- End of stack trace from previous location ---&#xD;
   at DotNet.Testcontainers.Configurations.WaitStrategy.WaitUntilAsync(Func`1 wait, TimeSpan interval, TimeSpan timeout, Int32 retries, CancellationToken ct) in /_/src/Testcontainers/Configurations/WaitStrategies/WaitStrategy.cs:line 226&#xD;
   at DotNet.Testcontainers.Containers.DockerContainer.CheckReadinessAsync(IEnumerable`1 waitStrategies, CancellationToken ct) in /_/src/Testcontainers/Containers/DockerContainer.cs:line 785&#xD;
   at DotNet.Testcontainers.Containers.DockerContainer.UnsafeStartAsync(CancellationToken ct) in /_/src/Testcontainers/Containers/DockerContainer.cs:line 602&#xD;
   at DotNet.Testcontainers.Containers.DockerContainer.StartAsync(CancellationToken ct) in /_/src/Testcontainers/Containers/DockerContainer.cs:line 343&#xD;
   at InprovePlan.IntegrationTests.Infrastructure.MySqlTestFixture.InitializeAsync() in D:\Code\InprovePlan\DevelopmentPlan\InprovePlan\InprovePlan.IntegrationTests\Infrastructure\MySqlTestFixture.cs:line 73&#xD;
----- Inner Stack Trace -----&#xD;
   at Docker.DotNet.DockerClient.HandleIfErrorResponseAsync(HttpStatusCode statusCode, HttpResponseMessage response, IEnumerable`1 handlers) in /_/src/Docker.DotNet/DockerClient.cs:line 454&#xD;
   at Docker.DotNet.DockerClient.MakeRequestAsync[T](IEnumerable`1 errorHandlers, HttpMethod method, String path, IQueryString queryString, IRequestContent body, IDictionary`2 headers, TimeSpan timeout, CancellationToken cancellationToken) in /_/src/Docker.DotNet/DockerClient.cs:line 176&#xD;
   at Docker.DotNet.ExecOperations.InspectContainerExecAsync(String id, CancellationToken cancellationToken) in /_/src/Docker.DotNet/Endpoints/ExecOperations.cs:line 27&#xD;
   at DotNet.Testcontainers.Clients.DockerContainerOperations.ExecAsync(String id, IList`1 command, CancellationToken ct) in /_/src/Testcontainers/Clients/DockerContainerOperations.cs:line 177&#xD;
   at Testcontainers.MySql.MySqlBuilder.WaitUntil.UntilAsync(IContainer container) in /_/src/Testcontainers.MySql/MySqlBuilder.cs:line 178&#xD;
   at DotNet.Testcontainers.Containers.DockerContainer.CheckReadinessAsync(WaitStrategy waitStrategy, CancellationToken ct) in /_/src/Testcontainers/Containers/DockerContainer.cs:line 755</StackTrace>
        </ErrorInfo>
      </Output>
    </UnitTestResult>
    <UnitTestResult executionId="3ad162fc-4026-40fa-81c7-6aea3a8f0e3f" testId="93490434-0727-25f4-0f68-c33597b54086" testName="InprovePlan.IntegrationTests.AppOrders.AppOrderAdditionalQueryHandlerTests.GetAppOrdersPaged_WhenOrdersMatchFilter_ShouldReturnPagedOrders" computerName="DESKTOP-2VE3A54" duration="00:00:00.0010000" startTime="2026-07-28T14:43:00.3956034+08:00" endTime="2026-07-28T14:43:00.3956034+08:00" testType="13cdc9d9-ddb5-4fa4-a97d-d965ccfc6d4b" outcome="Failed" testListId="8c84fa94-04c1-424b-9868-57a2d4851a1d" relativeResultsDirectory="3ad162fc-4026-40fa-81c7-6aea3a8f0e3f">
      <Output>
        <ErrorInfo>
          <Message>Collection fixture type 'InprovePlan.IntegrationTests.Infrastructure.MySqlTestFixture' threw in InitializeAsync&#xD;
---- DotNet.Testcontainers.Containers.ContainerNotRunningException : Container 5a463fdcb2eaf406a9ca2f6917cc720da918983400aad5f5ec657fe889d1ca3b exited with code 255.&#xD;
-------- Docker.DotNet.DockerApiException : Docker API responded with status code='InternalServerError', response=''.</Message>
          <StackTrace>&#xD;
----- Inner Stack Trace -----&#xD;
   at DotNet.Testcontainers.Containers.DockerContainer.ThrowIfContainerNotRunningAsync(WaitStrategyMode waitStrategyMode, Exception innerException) in /_/src/Testcontainers/Containers/DockerContainer.cs:line 811&#xD;
   at DotNet.Testcontainers.Containers.DockerContainer.CheckReadinessAsync(WaitStrategy waitStrategy, CancellationToken ct) in /_/src/Testcontainers/Containers/DockerContainer.cs:line 764&#xD;
   at DotNet.Testcontainers.Configurations.WaitStrategy.&lt;&gt;c__DisplayClass29_0.&lt;&lt;WaitUntilAsync&gt;g__UntilAsync|0&gt;d.MoveNext() in /_/src/Testcontainers/Configurations/WaitStrategies/WaitStrategy.cs:line 197&#xD;
--- End of stack trace from previous location ---&#xD;
   at DotNet.Testcontainers.Configurations.WaitStrategy.WaitUntilAsync(Func`1 wait, TimeSpan interval, TimeSpan timeout, Int32 retries, CancellationToken ct) in /_/src/Testcontainers/Configurations/WaitStrategies/WaitStrategy.cs:line 226&#xD;
   at DotNet.Testcontainers.Containers.DockerContainer.CheckReadinessAsync(IEnumerable`1 waitStrategies, CancellationToken ct) in /_/src/Testcontainers/Containers/DockerContainer.cs:line 785&#xD;
   at DotNet.Testcontainers.Containers.DockerContainer.UnsafeStartAsync(CancellationToken ct) in /_/src/Testcontainers/Containers/DockerContainer.cs:line 602&#xD;
   at DotNet.Testcontainers.Containers.DockerContainer.StartAsync(CancellationToken ct) in /_/src/Testcontainers/Containers/DockerContainer.cs:line 343&#xD;
   at InprovePlan.IntegrationTests.Infrastructure.MySqlTestFixture.InitializeAsync() in D:\Code\InprovePlan\DevelopmentPlan\InprovePlan\InprovePlan.IntegrationTests\Infrastructure\MySqlTestFixture.cs:line 73&#xD;
----- Inner Stack Trace -----&#xD;
   at Docker.DotNet.DockerClient.HandleIfErrorResponseAsync(HttpStatusCode statusCode, HttpResponseMessage response, IEnumerable`1 handlers) in /_/src/Docker.DotNet/DockerClient.cs:line 454&#xD;
   at Docker.DotNet.DockerClient.MakeRequestAsync[T](IEnumerable`1 errorHandlers, HttpMethod method, String path, IQueryString queryString, IRequestContent body, IDictionary`2 headers, TimeSpan timeout, CancellationToken cancellationToken) in /_/src/Docker.DotNet/DockerClient.cs:line 176&#xD;
   at Docker.DotNet.ExecOperations.InspectContainerExecAsync(String id, CancellationToken cancellationToken) in /_/src/Docker.DotNet/Endpoints/ExecOperations.cs:line 27&#xD;
   at DotNet.Testcontainers.Clients.DockerContainerOperations.ExecAsync(String id, IList`1 command, CancellationToken ct) in /_/src/Testcontainers/Clients/DockerContainerOperations.cs:line 177&#xD;
   at Testcontainers.MySql.MySqlBuilder.WaitUntil.UntilAsync(IContainer container) in /_/src/Testcontainers.MySql/MySqlBuilder.cs:line 178&#xD;
   at DotNet.Testcontainers.Containers.DockerContainer.CheckReadinessAsync(WaitStrategy waitStrategy, CancellationToken ct) in /_/src/Testcontainers/Containers/DockerContainer.cs:line 755</StackTrace>
        </ErrorInfo>
      </Output>
    </UnitTestResult>
    <UnitTestResult executionId="7a04e566-e078-493d-af81-ced6f24362aa" testId="511e8846-6fae-2c54-2851-49a01dde52d4" testName="InprovePlan.IntegrationTests.AppOrders.AppOrderAdditionalQueryHandlerTests.GetAppOrderWithtrackingTest_WhenOrdersExist_ShouldReturnOrderItems" computerName="DESKTOP-2VE3A54" duration="00:00:00.0010000" startTime="2026-07-28T14:43:00.3818526+08:00" endTime="2026-07-28T14:43:00.3818526+08:00" testType="13cdc9d9-ddb5-4fa4-a97d-d965ccfc6d4b" outcome="Failed" testListId="8c84fa94-04c1-424b-9868-57a2d4851a1d" relativeResultsDirectory="7a04e566-e078-493d-af81-ced6f24362aa">
      <Output>
        <ErrorInfo>
          <Message>Collection fixture type 'InprovePlan.IntegrationTests.Infrastructure.MySqlTestFixture' threw in InitializeAsync&#xD;
---- DotNet.Testcontainers.Containers.ContainerNotRunningException : Container 5a463fdcb2eaf406a9ca2f6917cc720da918983400aad5f5ec657fe889d1ca3b exited with code 255.&#xD;
-------- Docker.DotNet.DockerApiException : Docker API responded with status code='InternalServerError', response=''.</Message>
          <StackTrace>&#xD;
----- Inner Stack Trace -----&#xD;
   at DotNet.Testcontainers.Containers.DockerContainer.ThrowIfContainerNotRunningAsync(WaitStrategyMode waitStrategyMode, Exception innerException) in /_/src/Testcontainers/Containers/DockerContainer.cs:line 811&#xD;
   at DotNet.Testcontainers.Containers.DockerContainer.CheckReadinessAsync(WaitStrategy waitStrategy, CancellationToken ct) in /_/src/Testcontainers/Containers/DockerContainer.cs:line 764&#xD;
   at DotNet.Testcontainers.Configurations.WaitStrategy.&lt;&gt;c__DisplayClass29_0.&lt;&lt;WaitUntilAsync&gt;g__UntilAsync|0&gt;d.MoveNext() in /_/src/Testcontainers/Configurations/WaitStrategies/WaitStrategy.cs:line 197&#xD;
--- End of stack trace from previous location ---&#xD;
   at DotNet.Testcontainers.Configurations.WaitStrategy.WaitUntilAsync(Func`1 wait, TimeSpan interval, TimeSpan timeout, Int32 retries, CancellationToken ct) in /_/src/Testcontainers/Configurations/WaitStrategies/WaitStrategy.cs:line 226&#xD;
   at DotNet.Testcontainers.Containers.DockerContainer.CheckReadinessAsync(IEnumerable`1 waitStrategies, CancellationToken ct) in /_/src/Testcontainers/Containers/DockerContainer.cs:line 785&#xD;
   at DotNet.Testcontainers.Containers.DockerContainer.UnsafeStartAsync(CancellationToken ct) in /_/src/Testcontainers/Containers/DockerContainer.cs:line 602&#xD;
   at DotNet.Testcontainers.Containers.DockerContainer.StartAsync(CancellationToken ct) in /_/src/Testcontainers/Containers/DockerContainer.cs:line 343&#xD;
   at InprovePlan.IntegrationTests.Infrastructure.MySqlTestFixture.InitializeAsync() in D:\Code\InprovePlan\DevelopmentPlan\InprovePlan\InprovePlan.IntegrationTests\Infrastructure\MySqlTestFixture.cs:line 73&#xD;
----- Inner Stack Trace -----&#xD;
   at Docker.DotNet.DockerClient.HandleIfErrorResponseAsync(HttpStatusCode statusCode, HttpResponseMessage response, IEnumerable`1 handlers) in /_/src/Docker.DotNet/DockerClient.cs:line 454&#xD;
   at Docker.DotNet.DockerClient.MakeRequestAsync[T](IEnumerable`1 errorHandlers, HttpMethod method, String path, IQueryString queryString, IRequestContent body, IDictionary`2 headers, TimeSpan timeout, CancellationToken cancellationToken) in /_/src/Docker.DotNet/DockerClient.cs:line 176&#xD;
   at Docker.DotNet.ExecOperations.InspectContainerExecAsync(String id, CancellationToken cancellationToken) in /_/src/Docker.DotNet/Endpoints/ExecOperations.cs:line 27&#xD;
   at DotNet.Testcontainers.Clients.DockerContainerOperations.ExecAsync(String id, IList`1 command, CancellationToken ct) in /_/src/Testcontainers/Clients/DockerContainerOperations.cs:line 177&#xD;
   at Testcontainers.MySql.MySqlBuilder.WaitUntil.UntilAsync(IContainer container) in /_/src/Testcontainers.MySql/MySqlBuilder.cs:line 178&#xD;
   at DotNet.Testcontainers.Containers.DockerContainer.CheckReadinessAsync(WaitStrategy waitStrategy, CancellationToken ct) in /_/src/Testcontainers/Containers/DockerContainer.cs:line 755</StackTrace>
        </ErrorInfo>
      </Output>
    </UnitTestResult>
    <UnitTestResult executionId="db78dc82-5518-4e69-b1fc-cab735c10c92" testId="80eeb2de-1c98-7a49-db0c-cc2dfa568774" testName="InprovePlan.IntegrationTests.AppOrders.AppOrderAdditionalCommandHandlerTests.ChangeAppOrderStatus_WhenOrderExists_ShouldUpdateStatusAndRemoveCache" computerName="DESKTOP-2VE3A54" duration="00:00:00.0010000" startTime="2026-07-28T14:43:00.3206708+08:00" endTime="2026-07-28T14:43:00.3206708+08:00" testType="13cdc9d9-ddb5-4fa4-a97d-d965ccfc6d4b" outcome="Failed" testListId="8c84fa94-04c1-424b-9868-57a2d4851a1d" relativeResultsDirectory="db78dc82-5518-4e69-b1fc-cab735c10c92">
      <Output>
        <ErrorInfo>
          <Message>Collection fixture type 'InprovePlan.IntegrationTests.Infrastructure.MySqlTestFixture' threw in InitializeAsync&#xD;
---- DotNet.Testcontainers.Containers.ContainerNotRunningException : Container 7efed95868482cb2b3daa0373785fe386ad53743bf5b4d6c61be42f94ba3ea4d exited with code 255.&#xD;
-------- Docker.DotNet.DockerApiException : Docker API responded with status code='InternalServerError', response=''.</Message>
          <StackTrace>&#xD;
----- Inner Stack Trace -----&#xD;
   at DotNet.Testcontainers.Containers.DockerContainer.ThrowIfContainerNotRunningAsync(WaitStrategyMode waitStrategyMode, Exception innerException) in /_/src/Testcontainers/Containers/DockerContainer.cs:line 811&#xD;
   at DotNet.Testcontainers.Containers.DockerContainer.CheckReadinessAsync(WaitStrategy waitStrategy, CancellationToken ct) in /_/src/Testcontainers/Containers/DockerContainer.cs:line 764&#xD;
   at DotNet.Testcontainers.Configurations.WaitStrategy.&lt;&gt;c__DisplayClass29_0.&lt;&lt;WaitUntilAsync&gt;g__UntilAsync|0&gt;d.MoveNext() in /_/src/Testcontainers/Configurations/WaitStrategies/WaitStrategy.cs:line 197&#xD;
--- End of stack trace from previous location ---&#xD;
   at DotNet.Testcontainers.Configurations.WaitStrategy.WaitUntilAsync(Func`1 wait, TimeSpan interval, TimeSpan timeout, Int32 retries, CancellationToken ct) in /_/src/Testcontainers/Configurations/WaitStrategies/WaitStrategy.cs:line 226&#xD;
   at DotNet.Testcontainers.Containers.DockerContainer.CheckReadinessAsync(IEnumerable`1 waitStrategies, CancellationToken ct) in /_/src/Testcontainers/Containers/DockerContainer.cs:line 785&#xD;
   at DotNet.Testcontainers.Containers.DockerContainer.UnsafeStartAsync(CancellationToken ct) in /_/src/Testcontainers/Containers/DockerContainer.cs:line 602&#xD;
   at DotNet.Testcontainers.Containers.DockerContainer.StartAsync(CancellationToken ct) in /_/src/Testcontainers/Containers/DockerContainer.cs:line 343&#xD;
   at InprovePlan.IntegrationTests.Infrastructure.MySqlTestFixture.InitializeAsync() in D:\Code\InprovePlan\DevelopmentPlan\InprovePlan\InprovePlan.IntegrationTests\Infrastructure\MySqlTestFixture.cs:line 73&#xD;
----- Inner Stack Trace -----&#xD;
   at Docker.DotNet.DockerClient.HandleIfErrorResponseAsync(HttpStatusCode statusCode, HttpResponseMessage response, IEnumerable`1 handlers) in /_/src/Docker.DotNet/DockerClient.cs:line 454&#xD;
   at Docker.DotNet.DockerClient.MakeRequestAsync[T](IEnumerable`1 errorHandlers, HttpMethod method, String path, IQueryString queryString, IRequestContent body, IDictionary`2 headers, TimeSpan timeout, CancellationToken cancellationToken) in /_/src/Docker.DotNet/DockerClient.cs:line 176&#xD;
   at Docker.DotNet.ExecOperations.InspectContainerExecAsync(String id, CancellationToken cancellationToken) in /_/src/Docker.DotNet/Endpoints/ExecOperations.cs:line 27&#xD;
   at DotNet.Testcontainers.Clients.DockerContainerOperations.ExecAsync(String id, IList`1 command, CancellationToken ct) in /_/src/Testcontainers/Clients/DockerContainerOperations.cs:line 177&#xD;
   at Testcontainers.MySql.MySqlBuilder.WaitUntil.UntilAsync(IContainer container) in /_/src/Testcontainers.MySql/MySqlBuilder.cs:line 178&#xD;
   at DotNet.Testcontainers.Containers.DockerContainer.CheckReadinessAsync(WaitStrategy waitStrategy, CancellationToken ct) in /_/src/Testcontainers/Containers/DockerContainer.cs:line 755</StackTrace>
        </ErrorInfo>
      </Output>
    </UnitTestResult>
    <UnitTestResult executionId="a9fb324e-4e41-486c-b667-2d0228b9782b" testId="2170e9dc-b03b-c089-c38d-92e5c6388e85" testName="InprovePlan.IntegrationTests.AppOrders.AppOrderAdditionalQueryHandlerTests.GetAppOrderSlowSqlWithNoIndexTest_WhenUserHasOrders_ShouldReturnUserOrders" computerName="DESKTOP-2VE3A54" duration="00:00:00.0010000" startTime="2026-07-28T14:43:00.3431011+08:00" endTime="2026-07-28T14:43:00.3431011+08:00" testType="13cdc9d9-ddb5-4fa4-a97d-d965ccfc6d4b" outcome="Failed" testListId="8c84fa94-04c1-424b-9868-57a2d4851a1d" relativeResultsDirectory="a9fb324e-4e41-486c-b667-2d0228b9782b">
      <Output>
        <ErrorInfo>
          <Message>Collection fixture type 'InprovePlan.IntegrationTests.Infrastructure.MySqlTestFixture' threw in InitializeAsync&#xD;
---- DotNet.Testcontainers.Containers.ContainerNotRunningException : Container 5a463fdcb2eaf406a9ca2f6917cc720da918983400aad5f5ec657fe889d1ca3b exited with code 255.&#xD;
-------- Docker.DotNet.DockerApiException : Docker API responded with status code='InternalServerError', response=''.</Message>
          <StackTrace>&#xD;
----- Inner Stack Trace -----&#xD;
   at DotNet.Testcontainers.Containers.DockerContainer.ThrowIfContainerNotRunningAsync(WaitStrategyMode waitStrategyMode, Exception innerException) in /_/src/Testcontainers/Containers/DockerContainer.cs:line 811&#xD;
   at DotNet.Testcontainers.Containers.DockerContainer.CheckReadinessAsync(WaitStrategy waitStrategy, CancellationToken ct) in /_/src/Testcontainers/Containers/DockerContainer.cs:line 764&#xD;
   at DotNet.Testcontainers.Configurations.WaitStrategy.&lt;&gt;c__DisplayClass29_0.&lt;&lt;WaitUntilAsync&gt;g__UntilAsync|0&gt;d.MoveNext() in /_/src/Testcontainers/Configurations/WaitStrategies/WaitStrategy.cs:line 197&#xD;
--- End of stack trace from previous location ---&#xD;
   at DotNet.Testcontainers.Configurations.WaitStrategy.WaitUntilAsync(Func`1 wait, TimeSpan interval, TimeSpan timeout, Int32 retries, CancellationToken ct) in /_/src/Testcontainers/Configurations/WaitStrategies/WaitStrategy.cs:line 226&#xD;
   at DotNet.Testcontainers.Containers.DockerContainer.CheckReadinessAsync(IEnumerable`1 waitStrategies, CancellationToken ct) in /_/src/Testcontainers/Containers/DockerContainer.cs:line 785&#xD;
   at DotNet.Testcontainers.Containers.DockerContainer.UnsafeStartAsync(CancellationToken ct) in /_/src/Testcontainers/Containers/DockerContainer.cs:line 602&#xD;
   at DotNet.Testcontainers.Containers.DockerContainer.StartAsync(CancellationToken ct) in /_/src/Testcontainers/Containers/DockerContainer.cs:line 343&#xD;
   at InprovePlan.IntegrationTests.Infrastructure.MySqlTestFixture.InitializeAsync() in D:\Code\InprovePlan\DevelopmentPlan\InprovePlan\InprovePlan.IntegrationTests\Infrastructure\MySqlTestFixture.cs:line 73&#xD;
----- Inner Stack Trace -----&#xD;
   at Docker.DotNet.DockerClient.HandleIfErrorResponseAsync(HttpStatusCode statusCode, HttpResponseMessage response, IEnumerable`1 handlers) in /_/src/Docker.DotNet/DockerClient.cs:line 454&#xD;
   at Docker.DotNet.DockerClient.MakeRequestAsync[T](IEnumerable`1 errorHandlers, HttpMethod method, String path, IQueryString queryString, IRequestContent body, IDictionary`2 headers, TimeSpan timeout, CancellationToken cancellationToken) in /_/src/Docker.DotNet/DockerClient.cs:line 176&#xD;
   at Docker.DotNet.ExecOperations.InspectContainerExecAsync(String id, CancellationToken cancellationToken) in /_/src/Docker.DotNet/Endpoints/ExecOperations.cs:line 27&#xD;
   at DotNet.Testcontainers.Clients.DockerContainerOperations.ExecAsync(String id, IList`1 command, CancellationToken ct) in /_/src/Testcontainers/Clients/DockerContainerOperations.cs:line 177&#xD;
   at Testcontainers.MySql.MySqlBuilder.WaitUntil.UntilAsync(IContainer container) in /_/src/Testcontainers.MySql/MySqlBuilder.cs:line 178&#xD;
   at DotNet.Testcontainers.Containers.DockerContainer.CheckReadinessAsync(WaitStrategy waitStrategy, CancellationToken ct) in /_/src/Testcontainers/Containers/DockerContainer.cs:line 755</StackTrace>
        </ErrorInfo>
      </Output>
    </UnitTestResult>
    <UnitTestResult executionId="8980cbc1-d8d3-4cc7-acab-5144515bf5dd" testId="70c1fe11-2574-9a20-2f5c-ee9ce290b35a" testName="InprovePlan.IntegrationTests.AppOrders.AppOrderAdditionalQueryHandlerTests.GetAppOrderTest_WhenOrdersExist_ShouldReturnOrderItemsWithoutNPlusOnePattern" computerName="DESKTOP-2VE3A54" duration="00:00:00.0010000" startTime="2026-07-28T14:43:00.3912855+08:00" endTime="2026-07-28T14:43:00.3912855+08:00" testType="13cdc9d9-ddb5-4fa4-a97d-d965ccfc6d4b" outcome="Failed" testListId="8c84fa94-04c1-424b-9868-57a2d4851a1d" relativeResultsDirectory="8980cbc1-d8d3-4cc7-acab-5144515bf5dd">
      <Output>
        <ErrorInfo>
          <Message>Collection fixture type 'InprovePlan.IntegrationTests.Infrastructure.MySqlTestFixture' threw in InitializeAsync&#xD;
---- DotNet.Testcontainers.Containers.ContainerNotRunningException : Container 5a463fdcb2eaf406a9ca2f6917cc720da918983400aad5f5ec657fe889d1ca3b exited with code 255.&#xD;
-------- Docker.DotNet.DockerApiException : Docker API responded with status code='InternalServerError', response=''.</Message>
          <StackTrace>&#xD;
----- Inner Stack Trace -----&#xD;
   at DotNet.Testcontainers.Containers.DockerContainer.ThrowIfContainerNotRunningAsync(WaitStrategyMode waitStrategyMode, Exception innerException) in /_/src/Testcontainers/Containers/DockerContainer.cs:line 811&#xD;
   at DotNet.Testcontainers.Containers.DockerContainer.CheckReadinessAsync(WaitStrategy waitStrategy, CancellationToken ct) in /_/src/Testcontainers/Containers/DockerContainer.cs:line 764&#xD;
   at DotNet.Testcontainers.Configurations.WaitStrategy.&lt;&gt;c__DisplayClass29_0.&lt;&lt;WaitUntilAsync&gt;g__UntilAsync|0&gt;d.MoveNext() in /_/src/Testcontainers/Configurations/WaitStrategies/WaitStrategy.cs:line 197&#xD;
--- End of stack trace from previous location ---&#xD;
   at DotNet.Testcontainers.Configurations.WaitStrategy.WaitUntilAsync(Func`1 wait, TimeSpan interval, TimeSpan timeout, Int32 retries, CancellationToken ct) in /_/src/Testcontainers/Configurations/WaitStrategies/WaitStrategy.cs:line 226&#xD;
   at DotNet.Testcontainers.Containers.DockerContainer.CheckReadinessAsync(IEnumerable`1 waitStrategies, CancellationToken ct) in /_/src/Testcontainers/Containers/DockerContainer.cs:line 785&#xD;
   at DotNet.Testcontainers.Containers.DockerContainer.UnsafeStartAsync(CancellationToken ct) in /_/src/Testcontainers/Containers/DockerContainer.cs:line 602&#xD;
   at DotNet.Testcontainers.Containers.DockerContainer.StartAsync(CancellationToken ct) in /_/src/Testcontainers/Containers/DockerContainer.cs:line 343&#xD;
   at InprovePlan.IntegrationTests.Infrastructure.MySqlTestFixture.InitializeAsync() in D:\Code\InprovePlan\DevelopmentPlan\InprovePlan\InprovePlan.IntegrationTests\Infrastructure\MySqlTestFixture.cs:line 73&#xD;
----- Inner Stack Trace -----&#xD;
   at Docker.DotNet.DockerClient.HandleIfErrorResponseAsync(HttpStatusCode statusCode, HttpResponseMessage response, IEnumerable`1 handlers) in /_/src/Docker.DotNet/DockerClient.cs:line 454&#xD;
   at Docker.DotNet.DockerClient.MakeRequestAsync[T](IEnumerable`1 errorHandlers, HttpMethod method, String path, IQueryString queryString, IRequestContent body, IDictionary`2 headers, TimeSpan timeout, CancellationToken cancellationToken) in /_/src/Docker.DotNet/DockerClient.cs:line 176&#xD;
   at Docker.DotNet.ExecOperations.InspectContainerExecAsync(String id, CancellationToken cancellationToken) in /_/src/Docker.DotNet/Endpoints/ExecOperations.cs:line 27&#xD;
   at DotNet.Testcontainers.Clients.DockerContainerOperations.ExecAsync(String id, IList`1 command, CancellationToken ct) in /_/src/Testcontainers/Clients/DockerContainerOperations.cs:line 177&#xD;
   at Testcontainers.MySql.MySqlBuilder.WaitUntil.UntilAsync(IContainer container) in /_/src/Testcontainers.MySql/MySqlBuilder.cs:line 178&#xD;
   at DotNet.Testcontainers.Containers.DockerContainer.CheckReadinessAsync(WaitStrategy waitStrategy, CancellationToken ct) in /_/src/Testcontainers/Containers/DockerContainer.cs:line 755</StackTrace>
        </ErrorInfo>
      </Output>
    </UnitTestResult>
    <UnitTestResult executionId="ee578a40-e1c9-442a-8da9-e5bcabea7d67" testId="099f3c86-10b8-1fb3-f46c-0bd0b07fb6f6" testName="InprovePlan.IntegrationTests.AppUsers.AppUserQueryHandlerTests.GetAppUserById_WhenUserExists_ShouldReturnUser" computerName="DESKTOP-2VE3A54" duration="00:00:00.0010000" startTime="2026-07-28T14:43:00.3386465+08:00" endTime="2026-07-28T14:43:00.3386465+08:00" testType="13cdc9d9-ddb5-4fa4-a97d-d965ccfc6d4b" outcome="Failed" testListId="8c84fa94-04c1-424b-9868-57a2d4851a1d" relativeResultsDirectory="ee578a40-e1c9-442a-8da9-e5bcabea7d67">
      <Output>
        <ErrorInfo>
          <Message>Collection fixture type 'InprovePlan.IntegrationTests.Infrastructure.MySqlTestFixture' threw in InitializeAsync&#xD;
---- DotNet.Testcontainers.Containers.ContainerNotRunningException : Container 5a463fdcb2eaf406a9ca2f6917cc720da918983400aad5f5ec657fe889d1ca3b exited with code 255.&#xD;
-------- Docker.DotNet.DockerApiException : Docker API responded with status code='InternalServerError', response=''.</Message>
          <StackTrace>&#xD;
----- Inner Stack Trace -----&#xD;
   at DotNet.Testcontainers.Containers.DockerContainer.ThrowIfContainerNotRunningAsync(WaitStrategyMode waitStrategyMode, Exception innerException) in /_/src/Testcontainers/Containers/DockerContainer.cs:line 811&#xD;
   at DotNet.Testcontainers.Containers.DockerContainer.CheckReadinessAsync(WaitStrategy waitStrategy, CancellationToken ct) in /_/src/Testcontainers/Containers/DockerContainer.cs:line 764&#xD;
   at DotNet.Testcontainers.Configurations.WaitStrategy.&lt;&gt;c__DisplayClass29_0.&lt;&lt;WaitUntilAsync&gt;g__UntilAsync|0&gt;d.MoveNext() in /_/src/Testcontainers/Configurations/WaitStrategies/WaitStrategy.cs:line 197&#xD;
--- End of stack trace from previous location ---&#xD;
   at DotNet.Testcontainers.Configurations.WaitStrategy.WaitUntilAsync(Func`1 wait, TimeSpan interval, TimeSpan timeout, Int32 retries, CancellationToken ct) in /_/src/Testcontainers/Configurations/WaitStrategies/WaitStrategy.cs:line 226&#xD;
   at DotNet.Testcontainers.Containers.DockerContainer.CheckReadinessAsync(IEnumerable`1 waitStrategies, CancellationToken ct) in /_/src/Testcontainers/Containers/DockerContainer.cs:line 785&#xD;
   at DotNet.Testcontainers.Containers.DockerContainer.UnsafeStartAsync(CancellationToken ct) in /_/src/Testcontainers/Containers/DockerContainer.cs:line 602&#xD;
   at DotNet.Testcontainers.Containers.DockerContainer.StartAsync(CancellationToken ct) in /_/src/Testcontainers/Containers/DockerContainer.cs:line 343&#xD;
   at InprovePlan.IntegrationTests.Infrastructure.MySqlTestFixture.InitializeAsync() in D:\Code\InprovePlan\DevelopmentPlan\InprovePlan\InprovePlan.IntegrationTests\Infrastructure\MySqlTestFixture.cs:line 73&#xD;
----- Inner Stack Trace -----&#xD;
   at Docker.DotNet.DockerClient.HandleIfErrorResponseAsync(HttpStatusCode statusCode, HttpResponseMessage response, IEnumerable`1 handlers) in /_/src/Docker.DotNet/DockerClient.cs:line 454&#xD;
   at Docker.DotNet.DockerClient.MakeRequestAsync[T](IEnumerable`1 errorHandlers, HttpMethod method, String path, IQueryString queryString, IRequestContent body, IDictionary`2 headers, TimeSpan timeout, CancellationToken cancellationToken) in /_/src/Docker.DotNet/DockerClient.cs:line 176&#xD;
   at Docker.DotNet.ExecOperations.InspectContainerExecAsync(String id, CancellationToken cancellationToken) in /_/src/Docker.DotNet/Endpoints/ExecOperations.cs:line 27&#xD;
   at DotNet.Testcontainers.Clients.DockerContainerOperations.ExecAsync(String id, IList`1 command, CancellationToken ct) in /_/src/Testcontainers/Clients/DockerContainerOperations.cs:line 177&#xD;
   at Testcontainers.MySql.MySqlBuilder.WaitUntil.UntilAsync(IContainer container) in /_/src/Testcontainers.MySql/MySqlBuilder.cs:line 178&#xD;
   at DotNet.Testcontainers.Containers.DockerContainer.CheckReadinessAsync(WaitStrategy waitStrategy, CancellationToken ct) in /_/src/Testcontainers/Containers/DockerContainer.cs:line 755</StackTrace>
        </ErrorInfo>
      </Output>
    </UnitTestResult>
    <UnitTestResult executionId="c2c9ce84-2324-48fc-9b52-cc19aa0a5c80" testId="884287d1-472d-1cff-c907-78f2d6328333" testName="InprovePlan.IntegrationTests.AppOrders.AppOrderAdditionalCommandHandlerTests.CreateAppOrderWithIdempotency_WhenProductExistsAndCurrentUserExists_ShouldCreateOrder" computerName="DESKTOP-2VE3A54" duration="00:00:00.0010000" startTime="2026-07-28T14:43:00.3702643+08:00" endTime="2026-07-28T14:43:00.3702643+08:00" testType="13cdc9d9-ddb5-4fa4-a97d-d965ccfc6d4b" outcome="Failed" testListId="8c84fa94-04c1-424b-9868-57a2d4851a1d" relativeResultsDirectory="c2c9ce84-2324-48fc-9b52-cc19aa0a5c80">
      <Output>
        <ErrorInfo>
          <Message>Collection fixture type 'InprovePlan.IntegrationTests.Infrastructure.MySqlTestFixture' threw in InitializeAsync&#xD;
---- DotNet.Testcontainers.Containers.ContainerNotRunningException : Container 7efed95868482cb2b3daa0373785fe386ad53743bf5b4d6c61be42f94ba3ea4d exited with code 255.&#xD;
-------- Docker.DotNet.DockerApiException : Docker API responded with status code='InternalServerError', response=''.</Message>
          <StackTrace>&#xD;
----- Inner Stack Trace -----&#xD;
   at DotNet.Testcontainers.Containers.DockerContainer.ThrowIfContainerNotRunningAsync(WaitStrategyMode waitStrategyMode, Exception innerException) in /_/src/Testcontainers/Containers/DockerContainer.cs:line 811&#xD;
   at DotNet.Testcontainers.Containers.DockerContainer.CheckReadinessAsync(WaitStrategy waitStrategy, CancellationToken ct) in /_/src/Testcontainers/Containers/DockerContainer.cs:line 764&#xD;
   at DotNet.Testcontainers.Configurations.WaitStrategy.&lt;&gt;c__DisplayClass29_0.&lt;&lt;WaitUntilAsync&gt;g__UntilAsync|0&gt;d.MoveNext() in /_/src/Testcontainers/Configurations/WaitStrategies/WaitStrategy.cs:line 197&#xD;
--- End of stack trace from previous location ---&#xD;
   at DotNet.Testcontainers.Configurations.WaitStrategy.WaitUntilAsync(Func`1 wait, TimeSpan interval, TimeSpan timeout, Int32 retries, CancellationToken ct) in /_/src/Testcontainers/Configurations/WaitStrategies/WaitStrategy.cs:line 226&#xD;
   at DotNet.Testcontainers.Containers.DockerContainer.CheckReadinessAsync(IEnumerable`1 waitStrategies, CancellationToken ct) in /_/src/Testcontainers/Containers/DockerContainer.cs:line 785&#xD;
   at DotNet.Testcontainers.Containers.DockerContainer.UnsafeStartAsync(CancellationToken ct) in /_/src/Testcontainers/Containers/DockerContainer.cs:line 602&#xD;
   at DotNet.Testcontainers.Containers.DockerContainer.StartAsync(CancellationToken ct) in /_/src/Testcontainers/Containers/DockerContainer.cs:line 343&#xD;
   at InprovePlan.IntegrationTests.Infrastructure.MySqlTestFixture.InitializeAsync() in D:\Code\InprovePlan\DevelopmentPlan\InprovePlan\InprovePlan.IntegrationTests\Infrastructure\MySqlTestFixture.cs:line 73&#xD;
----- Inner Stack Trace -----&#xD;
   at Docker.DotNet.DockerClient.HandleIfErrorResponseAsync(HttpStatusCode statusCode, HttpResponseMessage response, IEnumerable`1 handlers) in /_/src/Docker.DotNet/DockerClient.cs:line 454&#xD;
   at Docker.DotNet.DockerClient.MakeRequestAsync[T](IEnumerable`1 errorHandlers, HttpMethod method, String path, IQueryString queryString, IRequestContent body, IDictionary`2 headers, TimeSpan timeout, CancellationToken cancellationToken) in /_/src/Docker.DotNet/DockerClient.cs:line 176&#xD;
   at Docker.DotNet.ExecOperations.InspectContainerExecAsync(String id, CancellationToken cancellationToken) in /_/src/Docker.DotNet/Endpoints/ExecOperations.cs:line 27&#xD;
   at DotNet.Testcontainers.Clients.DockerContainerOperations.ExecAsync(String id, IList`1 command, CancellationToken ct) in /_/src/Testcontainers/Clients/DockerContainerOperations.cs:line 177&#xD;
   at Testcontainers.MySql.MySqlBuilder.WaitUntil.UntilAsync(IContainer container) in /_/src/Testcontainers.MySql/MySqlBuilder.cs:line 178&#xD;
   at DotNet.Testcontainers.Containers.DockerContainer.CheckReadinessAsync(WaitStrategy waitStrategy, CancellationToken ct) in /_/src/Testcontainers/Containers/DockerContainer.cs:line 755</StackTrace>
        </ErrorInfo>
      </Output>
    </UnitTestResult>
    <UnitTestResult executionId="060ffed1-b1a0-4f75-98ed-892077633df8" testId="8a4cfe17-869a-f202-0a34-dd343d244c0d" testName="InprovePlan.IntegrationTests.AppUsers.AppUserCommandHandlerTests.DeleteAppUser_WhenUserExists_ShouldSoftDeleteUser" computerName="DESKTOP-2VE3A54" duration="00:00:00.0010000" startTime="2026-07-28T14:43:00.4169643+08:00" endTime="2026-07-28T14:43:00.4169643+08:00" testType="13cdc9d9-ddb5-4fa4-a97d-d965ccfc6d4b" outcome="Failed" testListId="8c84fa94-04c1-424b-9868-57a2d4851a1d" relativeResultsDirectory="060ffed1-b1a0-4f75-98ed-892077633df8">
      <Output>
        <ErrorInfo>
          <Message>Collection fixture type 'InprovePlan.IntegrationTests.Infrastructure.MySqlTestFixture' threw in InitializeAsync&#xD;
---- DotNet.Testcontainers.Containers.ContainerNotRunningException : Container 5a463fdcb2eaf406a9ca2f6917cc720da918983400aad5f5ec657fe889d1ca3b exited with code 255.&#xD;
-------- Docker.DotNet.DockerApiException : Docker API responded with status code='InternalServerError', response=''.</Message>
          <StackTrace>&#xD;
----- Inner Stack Trace -----&#xD;
   at DotNet.Testcontainers.Containers.DockerContainer.ThrowIfContainerNotRunningAsync(WaitStrategyMode waitStrategyMode, Exception innerException) in /_/src/Testcontainers/Containers/DockerContainer.cs:line 811&#xD;
   at DotNet.Testcontainers.Containers.DockerContainer.CheckReadinessAsync(WaitStrategy waitStrategy, CancellationToken ct) in /_/src/Testcontainers/Containers/DockerContainer.cs:line 764&#xD;
   at DotNet.Testcontainers.Configurations.WaitStrategy.&lt;&gt;c__DisplayClass29_0.&lt;&lt;WaitUntilAsync&gt;g__UntilAsync|0&gt;d.MoveNext() in /_/src/Testcontainers/Configurations/WaitStrategies/WaitStrategy.cs:line 197&#xD;
--- End of stack trace from previous location ---&#xD;
   at DotNet.Testcontainers.Configurations.WaitStrategy.WaitUntilAsync(Func`1 wait, TimeSpan interval, TimeSpan timeout, Int32 retries, CancellationToken ct) in /_/src/Testcontainers/Configurations/WaitStrategies/WaitStrategy.cs:line 226&#xD;
   at DotNet.Testcontainers.Containers.DockerContainer.CheckReadinessAsync(IEnumerable`1 waitStrategies, CancellationToken ct) in /_/src/Testcontainers/Containers/DockerContainer.cs:line 785&#xD;
   at DotNet.Testcontainers.Containers.DockerContainer.UnsafeStartAsync(CancellationToken ct) in /_/src/Testcontainers/Containers/DockerContainer.cs:line 602&#xD;
   at DotNet.Testcontainers.Containers.DockerContainer.StartAsync(CancellationToken ct) in /_/src/Testcontainers/Containers/DockerContainer.cs:line 343&#xD;
   at InprovePlan.IntegrationTests.Infrastructure.MySqlTestFixture.InitializeAsync() in D:\Code\InprovePlan\DevelopmentPlan\InprovePlan\InprovePlan.IntegrationTests\Infrastructure\MySqlTestFixture.cs:line 73&#xD;
----- Inner Stack Trace -----&#xD;
   at Docker.DotNet.DockerClient.HandleIfErrorResponseAsync(HttpStatusCode statusCode, HttpResponseMessage response, IEnumerable`1 handlers) in /_/src/Docker.DotNet/DockerClient.cs:line 454&#xD;
   at Docker.DotNet.DockerClient.MakeRequestAsync[T](IEnumerable`1 errorHandlers, HttpMethod method, String path, IQueryString queryString, IRequestContent body, IDictionary`2 headers, TimeSpan timeout, CancellationToken cancellationToken) in /_/src/Docker.DotNet/DockerClient.cs:line 176&#xD;
   at Docker.DotNet.ExecOperations.InspectContainerExecAsync(String id, CancellationToken cancellationToken) in /_/src/Docker.DotNet/Endpoints/ExecOperations.cs:line 27&#xD;
   at DotNet.Testcontainers.Clients.DockerContainerOperations.ExecAsync(String id, IList`1 command, CancellationToken ct) in /_/src/Testcontainers/Clients/DockerContainerOperations.cs:line 177&#xD;
   at Testcontainers.MySql.MySqlBuilder.WaitUntil.UntilAsync(IContainer container) in /_/src/Testcontainers.MySql/MySqlBuilder.cs:line 178&#xD;
   at DotNet.Testcontainers.Containers.DockerContainer.CheckReadinessAsync(WaitStrategy waitStrategy, CancellationToken ct) in /_/src/Testcontainers/Containers/DockerContainer.cs:line 755</StackTrace>
        </ErrorInfo>
      </Output>
    </UnitTestResult>
    <UnitTestResult executionId="e293910e-734e-47bc-9083-ef534e9d68cf" testId="431eab3c-aa89-1042-1bad-7f943eee87e3" testName="InprovePlan.IntegrationTests.AppUsers.AppUserCommandHandlerTests.CreateAppUser_WhenUserNameDoesNotExist_ShouldCreateUser" computerName="DESKTOP-2VE3A54" duration="00:00:00.0010000" startTime="2026-07-28T14:43:00.4337057+08:00" endTime="2026-07-28T14:43:00.4337057+08:00" testType="13cdc9d9-ddb5-4fa4-a97d-d965ccfc6d4b" outcome="Failed" testListId="8c84fa94-04c1-424b-9868-57a2d4851a1d" relativeResultsDirectory="e293910e-734e-47bc-9083-ef534e9d68cf">
      <Output>
        <ErrorInfo>
          <Message>Collection fixture type 'InprovePlan.IntegrationTests.Infrastructure.MySqlTestFixture' threw in InitializeAsync&#xD;
---- DotNet.Testcontainers.Containers.ContainerNotRunningException : Container 5a463fdcb2eaf406a9ca2f6917cc720da918983400aad5f5ec657fe889d1ca3b exited with code 255.&#xD;
-------- Docker.DotNet.DockerApiException : Docker API responded with status code='InternalServerError', response=''.</Message>
          <StackTrace>&#xD;
----- Inner Stack Trace -----&#xD;
   at DotNet.Testcontainers.Containers.DockerContainer.ThrowIfContainerNotRunningAsync(WaitStrategyMode waitStrategyMode, Exception innerException) in /_/src/Testcontainers/Containers/DockerContainer.cs:line 811&#xD;
   at DotNet.Testcontainers.Containers.DockerContainer.CheckReadinessAsync(WaitStrategy waitStrategy, CancellationToken ct) in /_/src/Testcontainers/Containers/DockerContainer.cs:line 764&#xD;
   at DotNet.Testcontainers.Configurations.WaitStrategy.&lt;&gt;c__DisplayClass29_0.&lt;&lt;WaitUntilAsync&gt;g__UntilAsync|0&gt;d.MoveNext() in /_/src/Testcontainers/Configurations/WaitStrategies/WaitStrategy.cs:line 197&#xD;
--- End of stack trace from previous location ---&#xD;
   at DotNet.Testcontainers.Configurations.WaitStrategy.WaitUntilAsync(Func`1 wait, TimeSpan interval, TimeSpan timeout, Int32 retries, CancellationToken ct) in /_/src/Testcontainers/Configurations/WaitStrategies/WaitStrategy.cs:line 226&#xD;
   at DotNet.Testcontainers.Containers.DockerContainer.CheckReadinessAsync(IEnumerable`1 waitStrategies, CancellationToken ct) in /_/src/Testcontainers/Containers/DockerContainer.cs:line 785&#xD;
   at DotNet.Testcontainers.Containers.DockerContainer.UnsafeStartAsync(CancellationToken ct) in /_/src/Testcontainers/Containers/DockerContainer.cs:line 602&#xD;
   at DotNet.Testcontainers.Containers.DockerContainer.StartAsync(CancellationToken ct) in /_/src/Testcontainers/Containers/DockerContainer.cs:line 343&#xD;
   at InprovePlan.IntegrationTests.Infrastructure.MySqlTestFixture.InitializeAsync() in D:\Code\InprovePlan\DevelopmentPlan\InprovePlan\InprovePlan.IntegrationTests\Infrastructure\MySqlTestFixture.cs:line 73&#xD;
----- Inner Stack Trace -----&#xD;
   at Docker.DotNet.DockerClient.HandleIfErrorResponseAsync(HttpStatusCode statusCode, HttpResponseMessage response, IEnumerable`1 handlers) in /_/src/Docker.DotNet/DockerClient.cs:line 454&#xD;
   at Docker.DotNet.DockerClient.MakeRequestAsync[T](IEnumerable`1 errorHandlers, HttpMethod method, String path, IQueryString queryString, IRequestContent body, IDictionary`2 headers, TimeSpan timeout, CancellationToken cancellationToken) in /_/src/Docker.DotNet/DockerClient.cs:line 176&#xD;
   at Docker.DotNet.ExecOperations.InspectContainerExecAsync(String id, CancellationToken cancellationToken) in /_/src/Docker.DotNet/Endpoints/ExecOperations.cs:line 27&#xD;
   at DotNet.Testcontainers.Clients.DockerContainerOperations.ExecAsync(String id, IList`1 command, CancellationToken ct) in /_/src/Testcontainers/Clients/DockerContainerOperations.cs:line 177&#xD;
   at Testcontainers.MySql.MySqlBuilder.WaitUntil.UntilAsync(IContainer container) in /_/src/Testcontainers.MySql/MySqlBuilder.cs:line 178&#xD;
   at DotNet.Testcontainers.Containers.DockerContainer.CheckReadinessAsync(WaitStrategy waitStrategy, CancellationToken ct) in /_/src/Testcontainers/Containers/DockerContainer.cs:line 755</StackTrace>
        </ErrorInfo>
      </Output>
    </UnitTestResult>
    <UnitTestResult executionId="e2be87a2-cb93-4902-ae5b-1b92fff0d3e8" testId="4911a92e-a6f8-3af6-9dcc-b2e2990509f4" testName="InprovePlan.IntegrationTests.AppOrders.AppOrderAdditionalCommandHandlerTests.DeleteAppOrder_WhenCurrentUserOwnsAdditionOrder_ShouldRemoveOrderAndCache" computerName="DESKTOP-2VE3A54" duration="00:00:00.0010000" startTime="2026-07-28T14:43:00.3319963+08:00" endTime="2026-07-28T14:43:00.3319963+08:00" testType="13cdc9d9-ddb5-4fa4-a97d-d965ccfc6d4b" outcome="Failed" testListId="8c84fa94-04c1-424b-9868-57a2d4851a1d" relativeResultsDirectory="e2be87a2-cb93-4902-ae5b-1b92fff0d3e8">
      <Output>
        <ErrorInfo>
          <Message>Collection fixture type 'InprovePlan.IntegrationTests.Infrastructure.MySqlTestFixture' threw in InitializeAsync&#xD;
---- DotNet.Testcontainers.Containers.ContainerNotRunningException : Container 7efed95868482cb2b3daa0373785fe386ad53743bf5b4d6c61be42f94ba3ea4d exited with code 255.&#xD;
-------- Docker.DotNet.DockerApiException : Docker API responded with status code='InternalServerError', response=''.</Message>
          <StackTrace>&#xD;
----- Inner Stack Trace -----&#xD;
   at DotNet.Testcontainers.Containers.DockerContainer.ThrowIfContainerNotRunningAsync(WaitStrategyMode waitStrategyMode, Exception innerException) in /_/src/Testcontainers/Containers/DockerContainer.cs:line 811&#xD;
   at DotNet.Testcontainers.Containers.DockerContainer.CheckReadinessAsync(WaitStrategy waitStrategy, CancellationToken ct) in /_/src/Testcontainers/Containers/DockerContainer.cs:line 764&#xD;
   at DotNet.Testcontainers.Configurations.WaitStrategy.&lt;&gt;c__DisplayClass29_0.&lt;&lt;WaitUntilAsync&gt;g__UntilAsync|0&gt;d.MoveNext() in /_/src/Testcontainers/Configurations/WaitStrategies/WaitStrategy.cs:line 197&#xD;
--- End of stack trace from previous location ---&#xD;
   at DotNet.Testcontainers.Configurations.WaitStrategy.WaitUntilAsync(Func`1 wait, TimeSpan interval, TimeSpan timeout, Int32 retries, CancellationToken ct) in /_/src/Testcontainers/Configurations/WaitStrategies/WaitStrategy.cs:line 226&#xD;
   at DotNet.Testcontainers.Containers.DockerContainer.CheckReadinessAsync(IEnumerable`1 waitStrategies, CancellationToken ct) in /_/src/Testcontainers/Containers/DockerContainer.cs:line 785&#xD;
   at DotNet.Testcontainers.Containers.DockerContainer.UnsafeStartAsync(CancellationToken ct) in /_/src/Testcontainers/Containers/DockerContainer.cs:line 602&#xD;
   at DotNet.Testcontainers.Containers.DockerContainer.StartAsync(CancellationToken ct) in /_/src/Testcontainers/Containers/DockerContainer.cs:line 343&#xD;
   at InprovePlan.IntegrationTests.Infrastructure.MySqlTestFixture.InitializeAsync() in D:\Code\InprovePlan\DevelopmentPlan\InprovePlan\InprovePlan.IntegrationTests\Infrastructure\MySqlTestFixture.cs:line 73&#xD;
----- Inner Stack Trace -----&#xD;
   at Docker.DotNet.DockerClient.HandleIfErrorResponseAsync(HttpStatusCode statusCode, HttpResponseMessage response, IEnumerable`1 handlers) in /_/src/Docker.DotNet/DockerClient.cs:line 454&#xD;
   at Docker.DotNet.DockerClient.MakeRequestAsync[T](IEnumerable`1 errorHandlers, HttpMethod method, String path, IQueryString queryString, IRequestContent body, IDictionary`2 headers, TimeSpan timeout, CancellationToken cancellationToken) in /_/src/Docker.DotNet/DockerClient.cs:line 176&#xD;
   at Docker.DotNet.ExecOperations.InspectContainerExecAsync(String id, CancellationToken cancellationToken) in /_/src/Docker.DotNet/Endpoints/ExecOperations.cs:line 27&#xD;
   at DotNet.Testcontainers.Clients.DockerContainerOperations.ExecAsync(String id, IList`1 command, CancellationToken ct) in /_/src/Testcontainers/Clients/DockerContainerOperations.cs:line 177&#xD;
   at Testcontainers.MySql.MySqlBuilder.WaitUntil.UntilAsync(IContainer container) in /_/src/Testcontainers.MySql/MySqlBuilder.cs:line 178&#xD;
   at DotNet.Testcontainers.Containers.DockerContainer.CheckReadinessAsync(WaitStrategy waitStrategy, CancellationToken ct) in /_/src/Testcontainers/Containers/DockerContainer.cs:line 755</StackTrace>
        </ErrorInfo>
      </Output>
    </UnitTestResult>
    <UnitTestResult executionId="88709b3a-e698-47e7-bc10-f5bfc692ff10" testId="e49457d5-3a1a-68fa-4cbb-745933a02f25" testName="InprovePlan.IntegrationTests.AppOrders.AppOrderAdditionalCommandHandlerTests.ChangeAppOrderStatusWithIdempotencyAndMq_WhenOrderExists_ShouldPublishEventAndUpdateStatus" computerName="DESKTOP-2VE3A54" duration="00:00:00.0010000" startTime="2026-07-28T14:43:00.2677158+08:00" endTime="2026-07-28T14:43:00.2677158+08:00" testType="13cdc9d9-ddb5-4fa4-a97d-d965ccfc6d4b" outcome="Failed" testListId="8c84fa94-04c1-424b-9868-57a2d4851a1d" relativeResultsDirectory="88709b3a-e698-47e7-bc10-f5bfc692ff10">
      <Output>
        <ErrorInfo>
          <Message>Collection fixture type 'InprovePlan.IntegrationTests.Infrastructure.MySqlTestFixture' threw in InitializeAsync&#xD;
---- DotNet.Testcontainers.Containers.ContainerNotRunningException : Container 7efed95868482cb2b3daa0373785fe386ad53743bf5b4d6c61be42f94ba3ea4d exited with code 255.&#xD;
-------- Docker.DotNet.DockerApiException : Docker API responded with status code='InternalServerError', response=''.</Message>
          <StackTrace>&#xD;
----- Inner Stack Trace -----&#xD;
   at DotNet.Testcontainers.Containers.DockerContainer.ThrowIfContainerNotRunningAsync(WaitStrategyMode waitStrategyMode, Exception innerException) in /_/src/Testcontainers/Containers/DockerContainer.cs:line 811&#xD;
   at DotNet.Testcontainers.Containers.DockerContainer.CheckReadinessAsync(WaitStrategy waitStrategy, CancellationToken ct) in /_/src/Testcontainers/Containers/DockerContainer.cs:line 764&#xD;
   at DotNet.Testcontainers.Configurations.WaitStrategy.&lt;&gt;c__DisplayClass29_0.&lt;&lt;WaitUntilAsync&gt;g__UntilAsync|0&gt;d.MoveNext() in /_/src/Testcontainers/Configurations/WaitStrategies/WaitStrategy.cs:line 197&#xD;
--- End of stack trace from previous location ---&#xD;
   at DotNet.Testcontainers.Configurations.WaitStrategy.WaitUntilAsync(Func`1 wait, TimeSpan interval, TimeSpan timeout, Int32 retries, CancellationToken ct) in /_/src/Testcontainers/Configurations/WaitStrategies/WaitStrategy.cs:line 226&#xD;
   at DotNet.Testcontainers.Containers.DockerContainer.CheckReadinessAsync(IEnumerable`1 waitStrategies, CancellationToken ct) in /_/src/Testcontainers/Containers/DockerContainer.cs:line 785&#xD;
   at DotNet.Testcontainers.Containers.DockerContainer.UnsafeStartAsync(CancellationToken ct) in /_/src/Testcontainers/Containers/DockerContainer.cs:line 602&#xD;
   at DotNet.Testcontainers.Containers.DockerContainer.StartAsync(CancellationToken ct) in /_/src/Testcontainers/Containers/DockerContainer.cs:line 343&#xD;
   at InprovePlan.IntegrationTests.Infrastructure.MySqlTestFixture.InitializeAsync() in D:\Code\InprovePlan\DevelopmentPlan\InprovePlan\InprovePlan.IntegrationTests\Infrastructure\MySqlTestFixture.cs:line 73&#xD;
----- Inner Stack Trace -----&#xD;
   at Docker.DotNet.DockerClient.HandleIfErrorResponseAsync(HttpStatusCode statusCode, HttpResponseMessage response, IEnumerable`1 handlers) in /_/src/Docker.DotNet/DockerClient.cs:line 454&#xD;
   at Docker.DotNet.DockerClient.MakeRequestAsync[T](IEnumerable`1 errorHandlers, HttpMethod method, String path, IQueryString queryString, IRequestContent body, IDictionary`2 headers, TimeSpan timeout, CancellationToken cancellationToken) in /_/src/Docker.DotNet/DockerClient.cs:line 176&#xD;
   at Docker.DotNet.ExecOperations.InspectContainerExecAsync(String id, CancellationToken cancellationToken) in /_/src/Docker.DotNet/Endpoints/ExecOperations.cs:line 27&#xD;
   at DotNet.Testcontainers.Clients.DockerContainerOperations.ExecAsync(String id, IList`1 command, CancellationToken ct) in /_/src/Testcontainers/Clients/DockerContainerOperations.cs:line 177&#xD;
   at Testcontainers.MySql.MySqlBuilder.WaitUntil.UntilAsync(IContainer container) in /_/src/Testcontainers.MySql/MySqlBuilder.cs:line 178&#xD;
   at DotNet.Testcontainers.Containers.DockerContainer.CheckReadinessAsync(WaitStrategy waitStrategy, CancellationToken ct) in /_/src/Testcontainers/Containers/DockerContainer.cs:line 755</StackTrace>
        </ErrorInfo>
      </Output>
    </UnitTestResult>
    <UnitTestResult executionId="a08bbc9c-837c-4e7b-b4c0-88118a95431e" testId="1cf94f84-543a-a8c9-6364-39f67255a312" testName="InprovePlan.IntegrationTests.AppUsers.AppUserCommandHandlerTests.ChangeAppUserPassword_WhenOldPasswordIsCorrect_ShouldUpdatePasswordHash" computerName="DESKTOP-2VE3A54" duration="00:00:00.0010000" startTime="2026-07-28T14:43:00.4079930+08:00" endTime="2026-07-28T14:43:00.4079930+08:00" testType="13cdc9d9-ddb5-4fa4-a97d-d965ccfc6d4b" outcome="Failed" testListId="8c84fa94-04c1-424b-9868-57a2d4851a1d" relativeResultsDirectory="a08bbc9c-837c-4e7b-b4c0-88118a95431e">
      <Output>
        <ErrorInfo>
          <Message>Collection fixture type 'InprovePlan.IntegrationTests.Infrastructure.MySqlTestFixture' threw in InitializeAsync&#xD;
---- DotNet.Testcontainers.Containers.ContainerNotRunningException : Container 5a463fdcb2eaf406a9ca2f6917cc720da918983400aad5f5ec657fe889d1ca3b exited with code 255.&#xD;
-------- Docker.DotNet.DockerApiException : Docker API responded with status code='InternalServerError', response=''.</Message>
          <StackTrace>&#xD;
----- Inner Stack Trace -----&#xD;
   at DotNet.Testcontainers.Containers.DockerContainer.ThrowIfContainerNotRunningAsync(WaitStrategyMode waitStrategyMode, Exception innerException) in /_/src/Testcontainers/Containers/DockerContainer.cs:line 811&#xD;
   at DotNet.Testcontainers.Containers.DockerContainer.CheckReadinessAsync(WaitStrategy waitStrategy, CancellationToken ct) in /_/src/Testcontainers/Containers/DockerContainer.cs:line 764&#xD;
[...]
[xUnit.net 00:01:13.03]         /_/src/Testcontainers/Configurations/WaitStrategies/WaitStrategy.cs(197,0): at DotNet.Testcontainers.Configurations.WaitStrategy.&lt;&gt;c__DisplayClass29_0.&lt;&lt;WaitUntilAsync&gt;g__UntilAsync|0&gt;d.MoveNext()&#xD;
[xUnit.net 00:01:13.03]         --- End of stack trace from previous location ---&#xD;
[xUnit.net 00:01:13.03]         /_/src/Testcontainers/Configurations/WaitStrategies/WaitStrategy.cs(226,0): at DotNet.Testcontainers.Configurations.WaitStrategy.WaitUntilAsync(Func`1 wait, TimeSpan interval, TimeSpan timeout, Int32 retries, CancellationToken ct)&#xD;
[xUnit.net 00:01:13.03]         /_/src/Testcontainers/Containers/DockerContainer.cs(785,0): at DotNet.Testcontainers.Containers.DockerContainer.CheckReadinessAsync(IEnumerable`1 waitStrategies, CancellationToken ct)&#xD;
[xUnit.net 00:01:13.03]         /_/src/Testcontainers/Containers/DockerContainer.cs(602,0): at DotNet.Testcontainers.Containers.DockerContainer.UnsafeStartAsync(CancellationToken ct)&#xD;
[xUnit.net 00:01:13.03]         /_/src/Testcontainers/Containers/DockerContainer.cs(343,0): at DotNet.Testcontainers.Containers.DockerContainer.StartAsync(CancellationToken ct)&#xD;
[xUnit.net 00:01:13.03]         D:\Code\InprovePlan\DevelopmentPlan\InprovePlan\InprovePlan.IntegrationTests\Infrastructure\MySqlTestFixture.cs(73,0): at InprovePlan.IntegrationTests.Infrastructure.MySqlTestFixture.InitializeAsync()&#xD;
[xUnit.net 00:01:13.03]         ----- Inner Stack Trace -----&#xD;
[xUnit.net 00:01:13.03]         /_/src/Docker.DotNet/DockerClient.cs(454,0): at Docker.DotNet.DockerClient.HandleIfErrorResponseAsync(HttpStatusCode statusCode, HttpResponseMessage response, IEnumerable`1 handlers)&#xD;
[xUnit.net 00:01:13.03]         /_/src/Docker.DotNet/DockerClient.cs(176,0): at Docker.DotNet.DockerClient.MakeRequestAsync[T](IEnumerable`1 errorHandlers, HttpMethod method, String path, IQueryString queryString, IRequestContent body, IDictionary`2 headers, TimeSpan timeout, CancellationToken cancellationToken)&#xD;
[xUnit.net 00:01:13.03]         /_/src/Docker.DotNet/Endpoints/ExecOperations.cs(27,0): at Docker.DotNet.ExecOperations.InspectContainerExecAsync(String id, CancellationToken cancellationToken)&#xD;
[xUnit.net 00:01:13.03]         /_/src/Testcontainers/Clients/DockerContainerOperations.cs(177,0): at DotNet.Testcontainers.Clients.DockerContainerOperations.ExecAsync(String id, IList`1 command, CancellationToken ct)&#xD;
[xUnit.net 00:01:13.03]         /_/src/Testcontainers.MySql/MySqlBuilder.cs(178,0): at Testcontainers.MySql.MySqlBuilder.WaitUntil.UntilAsync(IContainer container)&#xD;
[xUnit.net 00:01:13.03]         /_/src/Testcontainers/Containers/DockerContainer.cs(755,0): at DotNet.Testcontainers.Containers.DockerContainer.CheckReadinessAsync(WaitStrategy waitStrategy, CancellationToken ct)&#xD;
[xUnit.net 00:01:13.04]       Collection fixture type 'InprovePlan.IntegrationTests.Infrastructure.MySqlTestFixture' threw in InitializeAsync&#xD;
[xUnit.net 00:01:13.04]       ---- DotNet.Testcontainers.Containers.ContainerNotRunningException : Container 5a463fdcb2eaf406a9ca2f6917cc720da918983400aad5f5ec657fe889d1ca3b exited with code 255.&#xD;
[xUnit.net 00:01:13.04]       -------- Docker.DotNet.DockerApiException : Docker API responded with status code='InternalServerError', response=''.&#xD;
[xUnit.net 00:01:13.04]       Stack Trace:&#xD;
[xUnit.net 00:01:13.04]         &#xD;
[xUnit.net 00:01:13.04]         ----- Inner Stack Trace -----&#xD;
[xUnit.net 00:01:13.04]         /_/src/Testcontainers/Containers/DockerContainer.cs(811,0): at DotNet.Testcontainers.Containers.DockerContainer.ThrowIfContainerNotRunningAsync(WaitStrategyMode waitStrategyMode, Exception innerException)&#xD;
[xUnit.net 00:01:13.04]         /_/src/Testcontainers/Containers/DockerContainer.cs(764,0): at DotNet.Testcontainers.Containers.DockerContainer.CheckReadinessAsync(WaitStrategy waitStrategy, CancellationToken ct)&#xD;
[xUnit.net 00:01:13.04]         /_/src/Testcontainers/Configurations/WaitStrategies/WaitStrategy.cs(197,0): at DotNet.Testcontainers.Configurations.WaitStrategy.&lt;&gt;c__DisplayClass29_0.&lt;&lt;WaitUntilAsync&gt;g__UntilAsync|0&gt;d.MoveNext()&#xD;
[xUnit.net 00:01:13.04]         --- End of stack trace from previous location ---&#xD;
[xUnit.net 00:01:13.04]         /_/src/Testcontainers/Configurations/WaitStrategies/WaitStrategy.cs(226,0): at DotNet.Testcontainers.Configurations.WaitStrategy.WaitUntilAsync(Func`1 wait, TimeSpan interval, TimeSpan timeout, Int32 retries, CancellationToken ct)&#xD;
[xUnit.net 00:01:13.04]         /_/src/Testcontainers/Containers/DockerContainer.cs(785,0): at DotNet.Testcontainers.Containers.DockerContainer.CheckReadinessAsync(IEnumerable`1 waitStrategies, CancellationToken ct)&#xD;
[xUnit.net 00:01:13.04]         /_/src/Testcontainers/Containers/DockerContainer.cs(602,0): at DotNet.Testcontainers.Containers.DockerContainer.UnsafeStartAsync(CancellationToken ct)&#xD;
[xUnit.net 00:01:13.04]         /_/src/Testcontainers/Containers/DockerContainer.cs(343,0): at DotNet.Testcontainers.Containers.DockerContainer.StartAsync(CancellationToken ct)&#xD;
[xUnit.net 00:01:13.04]         D:\Code\InprovePlan\DevelopmentPlan\InprovePlan\InprovePlan.IntegrationTests\Infrastructure\MySqlTestFixture.cs(73,0): at InprovePlan.IntegrationTests.Infrastructure.MySqlTestFixture.InitializeAsync()&#xD;
[xUnit.net 00:01:13.04]         ----- Inner Stack Trace -----&#xD;
[xUnit.net 00:01:13.04]         /_/src/Docker.DotNet/DockerClient.cs(454,0): at Docker.DotNet.DockerClient.HandleIfErrorResponseAsync(HttpStatusCode statusCode, HttpResponseMessage response, IEnumerable`1 handlers)&#xD;
[xUnit.net 00:01:13.04]         /_/src/Docker.DotNet/DockerClient.cs(176,0): at Docker.DotNet.DockerClient.MakeRequestAsync[T](IEnumerable`1 errorHandlers, HttpMethod method, String path, IQueryString queryString, IRequestContent body, IDictionary`2 headers, TimeSpan timeout, CancellationToken cancellationToken)&#xD;
[xUnit.net 00:01:13.04]         /_/src/Docker.DotNet/Endpoints/ExecOperations.cs(27,0): at Docker.DotNet.ExecOperations.InspectContainerExecAsync(String id, CancellationToken cancellationToken)&#xD;
[xUnit.net 00:01:13.04]         /_/src/Testcontainers/Clients/DockerContainerOperations.cs(177,0): at DotNet.Testcontainers.Clients.DockerContainerOperations.ExecAsync(String id, IList`1 command, CancellationToken ct)&#xD;
[xUnit.net 00:01:13.04]         /_/src/Testcontainers.MySql/MySqlBuilder.cs(178,0): at Testcontainers.MySql.MySqlBuilder.WaitUntil.UntilAsync(IContainer container)&#xD;
[xUnit.net 00:01:13.04]         /_/src/Testcontainers/Containers/DockerContainer.cs(755,0): at DotNet.Testcontainers.Containers.DockerContainer.CheckReadinessAsync(WaitStrategy waitStrategy, CancellationToken ct)&#xD;
[xUnit.net 00:01:13.04]       Collection fixture type 'InprovePlan.IntegrationTests.Infrastructure.MySqlTestFixture' threw in InitializeAsync&#xD;
[xUnit.net 00:01:13.04]       ---- DotNet.Testcontainers.Containers.ContainerNotRunningException : Container 5a463fdcb2eaf406a9ca2f6917cc720da918983400aad5f5ec657fe889d1ca3b exited with code 255.&#xD;
[xUnit.net 00:01:13.04]       -------- Docker.DotNet.DockerApiException : Docker API responded with status code='InternalServerError', response=''.&#xD;
[xUnit.net 00:01:13.04]       Stack Trace:&#xD;
[xUnit.net 00:01:13.04]         &#xD;
[xUnit.net 00:01:13.04]         ----- Inner Stack Trace -----&#xD;
[xUnit.net 00:01:13.04]         /_/src/Testcontainers/Containers/DockerContainer.cs(811,0): at DotNet.Testcontainers.Containers.DockerContainer.ThrowIfContainerNotRunningAsync(WaitStrategyMode waitStrategyMode, Exception innerException)&#xD;
[xUnit.net 00:01:13.04]         /_/src/Testcontainers/Containers/DockerContainer.cs(764,0): at DotNet.Testcontainers.Containers.DockerContainer.CheckReadinessAsync(WaitStrategy waitStrategy, CancellationToken ct)&#xD;
[xUnit.net 00:01:13.04]         /_/src/Testcontainers/Configurations/WaitStrategies/WaitStrategy.cs(197,0): at DotNet.Testcontainers.Configurations.WaitStrategy.&lt;&gt;c__DisplayClass29_0.&lt;&lt;WaitUntilAsync&gt;g__UntilAsync|0&gt;d.MoveNext()&#xD;
[xUnit.net 00:01:13.04]         --- End of stack trace from previous location ---&#xD;
[xUnit.net 00:01:13.04]         /_/src/Testcontainers/Configurations/WaitStrategies/WaitStrategy.cs(226,0): at DotNet.Testcontainers.Configurations.WaitStrategy.WaitUntilAsync(Func`1 wait, TimeSpan interval, TimeSpan timeout, Int32 retries, CancellationToken ct)&#xD;
[xUnit.net 00:01:13.04]         /_/src/Testcontainers/Containers/DockerContainer.cs(785,0): at DotNet.Testcontainers.Containers.DockerContainer.CheckReadinessAsync(IEnumerable`1 waitStrategies, CancellationToken ct)&#xD;
[xUnit.net 00:01:13.04]         /_/src/Testcontainers/Containers/DockerContainer.cs(602,0): at DotNet.Testcontainers.Containers.DockerContainer.UnsafeStartAsync(CancellationToken ct)&#xD;
[xUnit.net 00:01:13.04]         /_/src/Testcontainers/Containers/DockerContainer.cs(343,0): at DotNet.Testcontainers.Containers.DockerContainer.StartAsync(CancellationToken ct)&#xD;
[xUnit.net 00:01:13.04]         D:\Code\InprovePlan\DevelopmentPlan\InprovePlan\InprovePlan.IntegrationTests\Infrastructure\MySqlTestFixture.cs(73,0): at InprovePlan.IntegrationTests.Infrastructure.MySqlTestFixture.InitializeAsync()&#xD;
[xUnit.net 00:01:13.04]         ----- Inner Stack Trace -----&#xD;
[xUnit.net 00:01:13.04]         /_/src/Docker.DotNet/DockerClient.cs(454,0): at Docker.DotNet.DockerClient.HandleIfErrorResponseAsync(HttpStatusCode statusCode, HttpResponseMessage response, IEnumerable`1 handlers)&#xD;
[xUnit.net 00:01:13.04]         /_/src/Docker.DotNet/DockerClient.cs(176,0): at Docker.DotNet.DockerClient.MakeRequestAsync[T](IEnumerable`1 errorHandlers, HttpMethod method, String path, IQueryString queryString, IRequestContent body, IDictionary`2 headers, TimeSpan timeout, CancellationToken cancellationToken)&#xD;
[xUnit.net 00:01:13.04]         /_/src/Docker.DotNet/Endpoints/ExecOperations.cs(27,0): at Docker.DotNet.ExecOperations.InspectContainerExecAsync(String id, CancellationToken cancellationToken)&#xD;
[xUnit.net 00:01:13.04]         /_/src/Testcontainers/Clients/DockerContainerOperations.cs(177,0): at DotNet.Testcontainers.Clients.DockerContainerOperations.ExecAsync(String id, IList`1 command, CancellationToken ct)&#xD;
[xUnit.net 00:01:13.04]         /_/src/Testcontainers.MySql/MySqlBuilder.cs(178,0): at Testcontainers.MySql.MySqlBuilder.WaitUntil.UntilAsync(IContainer container)&#xD;
[xUnit.net 00:01:13.04]         /_/src/Testcontainers/Containers/DockerContainer.cs(755,0): at DotNet.Testcontainers.Containers.DockerContainer.CheckReadinessAsync(WaitStrategy waitStrategy, CancellationToken ct)&#xD;
[xUnit.net 00:01:13.04]       Collection fixture type 'InprovePlan.IntegrationTests.Infrastructure.MySqlTestFixture' threw in DisposeAsync&#xD;
[xUnit.net 00:01:13.04]       ---- System.NullReferenceException : Object reference not set to an instance of an object.&#xD;
[xUnit.net 00:01:13.04]       Stack Trace:&#xD;
[xUnit.net 00:01:13.04]         --- End of stack trace from previous location ---&#xD;
[xUnit.net 00:01:13.04]         ----- Inner Stack Trace -----&#xD;
[xUnit.net 00:01:13.04]         D:\Code\InprovePlan\DevelopmentPlan\InprovePlan\InprovePlan.IntegrationTests\Infrastructure\MySqlTestFixture.cs(133,0): at InprovePlan.IntegrationTests.Infrastructure.MySqlTestFixture.DisposeAsync()&#xD;
[xUnit.net 00:01:13.07]   Finished:    InprovePlan.IntegrationTests (ID = '906759c576aa9bba8ad8b85fcb0b77a1ce213c79ec4e8d40148c231a67aaf454')&#xD;
</StdOut>
    </Output>
    <RunInfos>
      <RunInfo computerName="DESKTOP-2VE3A54" outcome="Error" timestamp="2026-07-28T14:43:01.3122793+08:00">
        <Text>[xUnit.net 00:01:12.82]     InprovePlan.IntegrationTests.Products.ProductCommandHandlerTests.DeleteProduct_WhenProductExists_ShouldMarkProductAsVoid [FAIL]</Text>
      </RunInfo>
      <RunInfo computerName="DESKTOP-2VE3A54" outcome="Error" timestamp="2026-07-28T14:43:01.3794165+08:00">
        <Text>[xUnit.net 00:01:12.86]     InprovePlan.IntegrationTests.AppOrders.AppOrderAdditionalCommandHandlerTests.ChangeAppOrderStatusWithIdempotencyAndMq_WhenOrderExists_ShouldPublishEventAndUpdateStatus [FAIL]</Text>
      </RunInfo>
      <RunInfo computerName="DESKTOP-2VE3A54" outcome="Error" timestamp="2026-07-28T14:43:01.3799315+08:00">
        <Text>[xUnit.net 00:01:12.89]     InprovePlan.IntegrationTests.AppOrders.AppOrderAdditionalCommandHandlerTests.ChangeAppOrderStatus_WhenOrderExists_ShouldUpdateStatusAndRemoveCache [FAIL]</Text>
      </RunInfo>
      <RunInfo computerName="DESKTOP-2VE3A54" outcome="Error" timestamp="2026-07-28T14:43:01.3800843+08:00">
        <Text>[xUnit.net 00:01:12.90]     InprovePlan.IntegrationTests.Products.ProductCommandHandlerTests.UpdateProduct_WhenProductExists_ShouldUpdateProduct [FAIL]</Text>
      </RunInfo>
      <RunInfo computerName="DESKTOP-2VE3A54" outcome="Error" timestamp="2026-07-28T14:43:01.3806219+08:00">
        <Text>[xUnit.net 00:01:12.90]     InprovePlan.IntegrationTests.Products.ProductCommandHandlerTests.CreateProduct_WhenProductCodeDoesNotExist_ShouldCreateProduct [FAIL]</Text>
      </RunInfo>
      <RunInfo computerName="DESKTOP-2VE3A54" outcome="Error" timestamp="2026-07-28T14:43:01.3823587+08:00">
        <Text>[xUnit.net 00:01:12.91]     InprovePlan.IntegrationTests.AppOrders.AppOrderAdditionalCommandHandlerTests.DeleteAppOrder_WhenCurrentUserOwnsAdditionOrder_ShouldRemoveOrderAndCache [FAIL]</Text>
      </RunInfo>
      <RunInfo computerName="DESKTOP-2VE3A54" outcome="Error" timestamp="2026-07-28T14:43:01.3825032+08:00">
        <Text>[xUnit.net 00:01:12.91]     InprovePlan.IntegrationTests.AppUsers.AppUserQueryHandlerTests.GetAppUsersPaged_WhenUsersMatchFilter_ShouldReturnPagedUsers [FAIL]</Text>
      </RunInfo>
      <RunInfo computerName="DESKTOP-2VE3A54" outcome="Error" timestamp="2026-07-28T14:43:01.3838023+08:00">
        <Text>[xUnit.net 00:01:12.91]     InprovePlan.IntegrationTests.AppUsers.AppUserQueryHandlerTests.GetAppUserById_WhenUserExists_ShouldReturnUser [FAIL]</Text>
      </RunInfo>
      <RunInfo computerName="DESKTOP-2VE3A54" outcome="Error" timestamp="2026-07-28T14:43:01.3840475+08:00">
        <Text>[xUnit.net 00:01:12.92]     InprovePlan.IntegrationTests.AppOrders.AppOrderAdditionalQueryHandlerTests.GetAppOrderSlowSqlWithNoIndexTest_WhenUserHasOrders_ShouldReturnUserOrders [FAIL]</Text>
      </RunInfo>
      <RunInfo computerName="DESKTOP-2VE3A54" outcome="Error" timestamp="2026-07-28T14:43:01.7716508+08:00">
        <Text>[xUnit.net 00:01:12.98]     InprovePlan.IntegrationTests.AppOrders.AppOrderAdditionalCommandHandlerTests.UpdateAppOrder_WhenCurrentUserOwnsAdditionOrder_ShouldUpdateOrderAndRemoveCache [FAIL]</Text>
      </RunInfo>
      <RunInfo computerName="DESKTOP-2VE3A54" outcome="Error" timestamp="2026-07-28T14:43:01.7717791+08:00">
        <Text>[xUnit.net 00:01:12.99]     InprovePlan.IntegrationTests.AppOrders.AppOrderAdditionalCommandHandlerTests.CreateAppOrderWithIdempotency_WhenProductExistsAndCurrentUserExists_ShouldCreateOrder [FAIL]</Text>
      </RunInfo>
      <RunInfo computerName="DESKTOP-2VE3A54" outcome="Error" timestamp="2026-07-28T14:43:01.7718780+08:00">
        <Text>[xUnit.net 00:01:12.99]     InprovePlan.IntegrationTests.AppOrders.AppOrderQueryHandlerTests.Handle_WhenOrderExistsAndCurrentUserOwnsOrder_ShouldReturnOrder [FAIL]</Text>
      </RunInfo>
      <RunInfo computerName="DESKTOP-2VE3A54" outcome="Error" timestamp="2026-07-28T14:43:01.7719814+08:00">
        <Text>[xUnit.net 00:01:13.01]     InprovePlan.IntegrationTests.AppOrders.AppOrderAdditionalQueryHandlerTests.GetAppOrderWithNotrackingTest_WhenOrdersExist_ShouldReturnOrderItems [FAIL]</Text>
      </RunInfo>
      <RunInfo computerName="DESKTOP-2VE3A54" outcome="Error" timestamp="2026-07-28T14:43:01.7720726+08:00">
        <Text>[xUnit.net 00:01:13.01]     InprovePlan.IntegrationTests.AppOrders.AppOrderAdditionalQueryHandlerTests.GetAppOrderWithtrackingTest_WhenOrdersExist_ShouldReturnOrderItems [FAIL]</Text>
      </RunInfo>
      <RunInfo computerName="DESKTOP-2VE3A54" outcome="Error" timestamp="2026-07-28T14:43:01.7721701+08:00">
        <Text>[xUnit.net 00:01:13.01]     InprovePlan.IntegrationTests.AppOrders.AppOrderAdditionalQueryHandlerTests.GetAppOrderTest_WhenOrdersExist_ShouldReturnOrderItemsWithoutNPlusOnePattern [FAIL]</Text>
      </RunInfo>
      <RunInfo computerName="DESKTOP-2VE3A54" outcome="Error" timestamp="2026-07-28T14:43:01.7722646+08:00">
        <Text>[xUnit.net 00:01:13.01]     InprovePlan.IntegrationTests.AppOrders.AppOrderAdditionalQueryHandlerTests.GetAppOrdersPaged_WhenOrdersMatchFilter_ShouldReturnPagedOrders [FAIL]</Text>
      </RunInfo>
      <RunInfo computerName="DESKTOP-2VE3A54" outcome="Error" timestamp="2026-07-28T14:43:01.7723592+08:00">
        <Text>[xUnit.net 00:01:13.02]     InprovePlan.IntegrationTests.AppUsers.AppUserCommandHandlerTests.LoginAppUser_WhenPasswordIsCorrect_ShouldReturnAccessToken [FAIL]</Text>
      </RunInfo>
      <RunInfo computerName="DESKTOP-2VE3A54" outcome="Error" timestamp="2026-07-28T14:43:01.7724532+08:00">
        <Text>[xUnit.net 00:01:13.02]     [Test Collection Cleanup Failure (integration-tests)] Xunit.Sdk.TestPipelineException</Text>
      </RunInfo>
      <RunInfo computerName="DESKTOP-2VE3A54" outcome="Error" timestamp="2026-07-28T14:43:01.7725007+08:00">
        <Text>[xUnit.net 00:01:13.02]     InprovePlan.IntegrationTests.AppUsers.AppUserCommandHandlerTests.ChangeAppUserPassword_WhenOldPasswordIsCorrect_ShouldUpdatePasswordHash [FAIL]</Text>
      </RunInfo>
      <RunInfo computerName="DESKTOP-2VE3A54" outcome="Error" timestamp="2026-07-28T14:43:01.7771830+08:00">
        <Text>[xUnit.net 00:01:13.03]     InprovePlan.IntegrationTests.AppUsers.AppUserCommandHandlerTests.DeleteAppUser_WhenUserExists_ShouldSoftDeleteUser [FAIL]</Text>
      </RunInfo>
      <RunInfo computerName="DESKTOP-2VE3A54" outcome="Error" timestamp="2026-07-28T14:43:01.7772901+08:00">
        <Text>[xUnit.net 00:01:13.03]     InprovePlan.IntegrationTests.AppUsers.AppUserCommandHandlerTests.UpdateAppUser_WhenUserExists_ShouldUpdateUser [FAIL]</Text>
      </RunInfo>
      <RunInfo computerName="DESKTOP-2VE3A54" outcome="Error" timestamp="2026-07-28T14:43:01.7773891+08:00">
        <Text>[xUnit.net 00:01:13.03]     InprovePlan.IntegrationTests.AppUsers.AppUserCommandHandlerTests.CreateAppUser_WhenUserNameDoesNotExist_ShouldCreateUser [FAIL]</Text>
      </RunInfo>
      <RunInfo computerName="DESKTOP-2VE3A54" outcome="Error" timestamp="2026-07-28T14:43:01.7774826+08:00">
        <Text>[xUnit.net 00:01:13.03]     InprovePlan.IntegrationTests.AppOrders.AppOrderCommandHandlerTests.Handle_WhenProductExistsAndCurrentUserExists_ShouldCreateOrder [FAIL]</Text>
      </RunInfo>
      <RunInfo computerName="DESKTOP-2VE3A54" outcome="Error" timestamp="2026-07-28T14:43:01.7775875+08:00">
        <Text>[xUnit.net 00:01:13.04]     InprovePlan.IntegrationTests.Products.ProductQueryHandlerTests.GetProductsPaged_WhenProductsMatchFilter_ShouldReturnPagedProducts [FAIL]</Text>
      </RunInfo>
      <RunInfo computerName="DESKTOP-2VE3A54" outcome="Error" timestamp="2026-07-28T14:43:01.7776960+08:00">
        <Text>[xUnit.net 00:01:13.04]     InprovePlan.IntegrationTests.Products.ProductQueryHandlerTests.GetProductById_WhenProductExists_ShouldReturnProduct [FAIL]</Text>
      </RunInfo>
      <RunInfo computerName="DESKTOP-2VE3A54" outcome="Error" timestamp="2026-07-28T14:43:01.7778078+08:00">
        <Text>[xUnit.net 00:01:13.04]     [Test Collection Cleanup Failure (mysql-integration-tests)] Xunit.Sdk.TestPipelineException</Text>
      </RunInfo>
    </RunInfos>
  </ResultSummary>
</TestRun>